\BOOKMARK [0][-]{chapter.1}{\376\377\000I\000n\000t\000r\000o\000d\000u\000c\000c\000i\000\363\000n}{}% 1
\BOOKMARK [0][-]{chapter.2}{\376\377\000F\000o\000r\000m\000u\000l\000a\000c\000i\000\363\000n\000\040\000d\000e\000l\000\040\000p\000r\000o\000b\000l\000e\000m\000a}{}% 2
\BOOKMARK [1][-]{section.2.1}{\376\377\000D\000e\000s\000c\000r\000i\000p\000c\000i\000\363\000n\000\040\000d\000e\000l\000\040\000p\000r\000o\000b\000l\000e\000m\000a}{chapter.2}% 3
\BOOKMARK [1][-]{section.2.2}{\376\377\000F\000o\000r\000m\000u\000l\000a\000c\000i\000\363\000n\000\040\000d\000e\000l\000\040\000p\000r\000o\000b\000l\000e\000m\000a}{chapter.2}% 4
\BOOKMARK [0][-]{chapter.3}{\376\377\000M\000a\000r\000c\000o\000\040\000d\000e\000\040\000r\000e\000f\000e\000r\000e\000n\000c\000i\000a}{}% 5
\BOOKMARK [1][-]{section.3.1}{\376\377\000M\000a\000r\000c\000o\000\040\000T\000e\000\363\000r\000i\000c\000o}{chapter.3}% 6
\BOOKMARK [1][-]{section.3.2}{\376\377\000M\000a\000r\000c\000o\000\040\000c\000o\000n\000c\000e\000p\000t\000u\000a\000l}{chapter.3}% 7
\BOOKMARK [1][-]{section.3.3}{\376\377\000G\000l\000o\000s\000a\000r\000i\000o}{chapter.3}% 8
\BOOKMARK [1][-]{section.3.4}{\376\377\000A\000n\000t\000e\000c\000e\000d\000e\000n\000t\000e\000s}{chapter.3}% 9
\BOOKMARK [0][-]{chapter.4}{\376\377\000A\000l\000c\000a\000n\000c\000e\000\040\000d\000e\000l\000\040\000p\000r\000o\000b\000l\000e\000m\000a}{}% 10
\BOOKMARK [1][-]{section.4.1}{\376\377\000D\000e\000c\000l\000a\000r\000a\000c\000i\000\363\000n\000\040\000d\000e\000l\000\040\000a\000l\000c\000a\000n\000c\000e}{chapter.4}% 11
\BOOKMARK [1][-]{section.4.2}{\376\377\000S\000u\000p\000u\000e\000s\000t\000o\000s}{chapter.4}% 12
\BOOKMARK [1][-]{section.4.3}{\376\377\000R\000e\000s\000t\000r\000i\000c\000c\000i\000o\000n\000e\000s}{chapter.4}% 13
\BOOKMARK [1][-]{section.4.4}{\376\377\000O\000b\000j\000e\000t\000i\000v\000o\000s}{chapter.4}% 14
\BOOKMARK [2][-]{subsection.4.4.1}{\376\377\000O\000b\000j\000e\000t\000i\000v\000o\000\040\000g\000e\000n\000e\000r\000a\000l}{section.4.4}% 15
\BOOKMARK [2][-]{subsection.4.4.2}{\376\377\000O\000b\000j\000e\000t\000i\000v\000o\000s\000\040\000e\000s\000p\000e\000c\000i\000f\000i\000c\000o\000s}{section.4.4}% 16
\BOOKMARK [1][-]{section.4.5}{\376\377\000E\000n\000t\000r\000e\000g\000a\000b\000l\000e\000s\000\040\000e\000s\000p\000e\000r\000a\000d\000o\000s}{chapter.4}% 17
\BOOKMARK [1][-]{section.4.6}{\376\377\000R\000e\000s\000u\000l\000t\000a\000d\000o\000s\000\040\000e\000s\000p\000e\000r\000a\000d\000o\000s}{chapter.4}% 18
\BOOKMARK [0][-]{chapter.5}{\376\377\000M\000e\000t\000o\000d\000o\000l\000o\000g\000\355\000a\000s}{}% 19
\BOOKMARK [1][-]{section.5.1}{\376\377\000M\000e\000t\000o\000d\000o\000l\000o\000g\000\355\000a\000\040\000d\000e\000\040\000i\000n\000v\000e\000s\000t\000i\000g\000a\000c\000i\000\363\000n}{chapter.5}% 20
\BOOKMARK [1][-]{section.5.2}{\376\377\000M\000e\000t\000o\000d\000o\000l\000o\000g\000\355\000a\000\040\000d\000e\000\040\000d\000e\000s\000a\000r\000r\000o\000l\000l\000o\000\040\000d\000e\000\040\000s\000o\000f\000t\000w\000a\000r\000e}{chapter.5}% 21
\BOOKMARK [1][-]{section.5.3}{\376\377\000M\000e\000t\000o\000d\000o\000l\000o\000g\000\355\000a\000\040\000d\000e\000\040\000g\000e\000s\000t\000i\000\363\000n\000\040\000d\000e\000\040\000a\000c\000t\000i\000v\000i\000d\000a\000d\000e\000s}{chapter.5}% 22
\BOOKMARK [1][-]{section.5.4}{\376\377\000M\000e\000t\000o\000d\000o\000l\000o\000g\000\355\000a\000\040\000d\000e\000\040\000g\000a\000m\000i\000f\000i\000c\000a\000c\000i\000o\000n}{chapter.5}% 23
\BOOKMARK [0][-]{chapter.6}{\376\377\000R\000e\000v\000i\000s\000i\000o\000n\000\040\000d\000e\000\040\000l\000i\000t\000e\000r\000a\000t\000u\000r\000a}{}% 24
\BOOKMARK [0][-]{chapter.7}{\376\377\000D\000e\000s\000a\000r\000r\000o\000l\000l\000o\000\040\000d\000e\000\040\000l\000o\000s\000\040\000m\000o\000d\000u\000l\000o\000s}{}% 25
\BOOKMARK [1][-]{section.7.1}{\376\377\000D\000e\000s\000a\000r\000r\000o\000l\000l\000o\000\040\000d\000e\000\040\000l\000o\000s\000\040\000m\000o\000d\000u\000l\000o\000s}{chapter.7}% 26
\BOOKMARK [2][-]{subsection.7.1.1}{\376\377\000M\000o\000d\000u\000l\000o\000\040\000f\000i\000t\000n\000e\000s\000s}{section.7.1}% 27
\BOOKMARK [2][-]{subsection.7.1.2}{\376\377\000M\000o\000d\000u\000l\000o\000\040\000m\000i\000n\000d\000s\000e\000t}{section.7.1}% 28
\BOOKMARK [0][-]{chapter.8}{\376\377\000P\000r\000u\000e\000b\000a\000s\000\040\000d\000e\000\040\000l\000o\000s\000\040\000m\000o\000d\000u\000l\000o\000s}{}% 29
\BOOKMARK [1][-]{section.8.1}{\376\377\000E\000x\000p\000e\000r\000i\000m\000e\000n\000t\000a\000c\000\354\000o\000n\000\040\000y\000\040\000p\000r\000u\000e\000b\000a\000s}{chapter.8}% 30
\BOOKMARK [2][-]{subsection.8.1.1}{\376\377\000P\000r\000u\000e\000b\000a\000s\000\040\000f\000u\000n\000c\000i\000o\000n\000a\000l\000e\000s}{section.8.1}% 31
\BOOKMARK [2][-]{subsection.8.1.2}{\376\377\000P\000r\000u\000e\000b\000a\000s\000\040\000d\000e\000\040\000u\000s\000a\000b\000i\000l\000i\000d\000a\000d\000\040\000e\000n\000\040\000v\000o\000z\000\040\000a\000l\000t\000a}{section.8.1}% 32
\BOOKMARK [0][-]{chapter.9}{\376\377\000R\000e\000s\000u\000l\000t\000a\000d\000o\000s}{}% 33
\BOOKMARK [1][-]{section.9.1}{\376\377\000C\000u\000e\000s\000t\000i\000o\000n\000a\000r\000i\000o\000\040\000s\000o\000b\000r\000e\000\040\000e\000v\000a\000l\000u\000a\000c\000i\000\363\000n\000\040\000d\000e\000\040\000e\000x\000p\000e\000r\000i\000e\000n\000c\000i\000a\000\040\000e\000n\000\040\000s\000o\000f\000t\000s\000k\000i\000l\000l\000s\000\040\000p\000a\000r\000a\000\040\000l\000o\000s\000\040\000m\000\363\000d\000u\000l\000o\000s\000\040\000M\000i\000n\000d\000s\000e\000t\000\040\000y\000\040\000F\000i\000t\000n\000e\000s\000s}{chapter.9}% 34
\BOOKMARK [2][-]{subsection.9.1.1}{\376\377\000F\000i\000t\000n\000e\000s\000s\000:\000\040\000J\000u\000e\000g\000o\000\040\000s\000o\000b\000r\000e\000\040\000m\000o\000v\000i\000m\000i\000e\000n\000t\000o\000\040\000d\000e\000\040\000l\000a\000\040\000m\000u\000\361\000e\000c\000a}{section.9.1}% 35
\BOOKMARK [2][-]{subsection.9.1.2}{\376\377\000F\000i\000t\000n\000e\000s\000s\000:\000\040\000J\000u\000e\000g\000o\000\040\000s\000o\000b\000r\000e\000\040\000m\000o\000v\000i\000m\000i\000e\000n\000t\000o\000\040\000d\000e\000\040\000l\000a\000\040\000e\000s\000p\000a\000l\000d\000a}{section.9.1}% 36
\BOOKMARK [2][-]{subsection.9.1.3}{\376\377\000M\000i\000n\000d\000s\000e\000t\000:\000\040\000J\000u\000e\000g\000o\000\040\000s\000o\000b\000r\000e\000\040\000p\000u\000z\000z\000l\000e\000s}{section.9.1}% 37
\BOOKMARK [1][-]{section.9.2}{\376\377\000C\000u\000e\000s\000t\000i\000o\000n\000a\000r\000i\000o\000\040\000s\000o\000b\000r\000e\000\040\000p\000r\000u\000e\000b\000a\000s\000\040\000d\000e\000\040\000u\000s\000a\000b\000i\000l\000i\000d\000a\000d\000\040\000h\000e\000u\000r\000\355\000s\000t\000i\000c\000a\000s\000\040\000d\000e\000\040\000N\000i\000e\000l\000s\000e\000n\000\040\000p\000a\000r\000a\000\040\000p\000l\000a\000t\000a\000f\000o\000r\000m\000a\000\040\000g\000a\000m\000i\000f\000i\000c\000a\000d\000a\000\040\000s\000o\000b\000r\000e\000\040\000m\000\363\000d\000u\000l\000o\000s\000\040\000M\000i\000n\000d\000s\000e\000t\000\040\000y\000\040\000F\000i\000t\000n\000e\000s\000s}{chapter.9}% 38
\BOOKMARK [0][-]{chapter.10}{\376\377\000C\000o\000n\000c\000l\000u\000s\000i\000o\000n\000e\000s\000\040\000y\000\040\000t\000r\000a\000b\000a\000j\000o\000s\000\040\000f\000u\000t\000u\000r\000o\000s}{}% 39
\BOOKMARK [1][-]{section.10.1}{\376\377\000C\000o\000n\000c\000l\000u\000s\000i\000o\000n\000e\000s}{chapter.10}% 40
\BOOKMARK [1][-]{section.10.2}{\376\377\000T\000r\000a\000b\000a\000j\000o\000s\000\040\000f\000u\000t\000u\000r\000o\000s}{chapter.10}% 41
\BOOKMARK [0][-]{chapter.11}{\376\377\000A\000n\000e\000x\000o\000s}{}% 42
\BOOKMARK [1][-]{subsection.11.0.1}{\376\377\000P\000r\000u\000e\000b\000a\000s\000\040\000p\000a\000r\000a\000\040\000e\000j\000e\000r\000c\000i\000c\000i\000o\000s\000\040\000d\000e\000\040\000l\000a\000\040\000e\000s\000p\000a\000l\000d\000a}{chapter.11}% 43
\BOOKMARK [2][-]{subsection.11.0.2}{\376\377\000P\000r\000u\000e\000b\000a\000s\000\040\000p\000a\000r\000a\000\040\000e\000j\000e\000r\000c\000i\000c\000i\000o\000s\000\040\000d\000e\000l\000\040\000t\000\372\000n\000e\000l\000\040\000c\000a\000r\000p\000i\000a\000n\000o}{subsection.11.0.1}% 44
\BOOKMARK [2][-]{subsection.11.0.3}{\376\377\000P\000r\000u\000e\000b\000a\000s\000\040\000p\000a\000r\000a\000\040\000e\000l\000\040\000m\000\363\000d\000u\000l\000o\000\040\000m\000i\000n\000d\000s\000e\000t}{subsection.11.0.1}% 45
