This is pdfTeX, Version 3.141592653-2.6-1.40.26 (MiKTeX 24.4) (preloaded format=pdflatex 2024.11.17)  22 NOV 2024 16:47
entering extended mode
 restricted \write18 enabled.
 file:line:error style messages enabled.
 %&-line parsing enabled.
**c:/Users/juanc/OneDrive/Desktop/ANTEPROYECTO/00_anteproyecto.tex
(c:/Users/juanc/OneDrive/Desktop/ANTEPROYECTO/00_anteproyecto.tex
LaTeX2e <2024-11-01>
L3 programming layer <2024-11-02>
(D:\Miketx\tex/latex/base\book.cls
Document Class: book 2024/06/29 v1.4n Standard LaTeX document class
(D:\Miketx\tex/latex/base\bk11.clo
File: bk11.clo 2024/06/29 v1.4n Standard LaTeX file (size option)
)
\c@part=\count196
\c@chapter=\count197
\c@section=\count198
\c@subsection=\count199
\c@subsubsection=\count266
\c@paragraph=\count267
\c@subparagraph=\count268
\c@figure=\count269
\c@table=\count270
\abovecaptionskip=\skip49
\belowcaptionskip=\skip50
\bibindent=\dimen141
) (D:\Miketx\tex/latex/graphics\graphicx.sty
Package: graphicx 2021/09/16 v1.2d Enhanced LaTeX Graphics (DPC,SPQR)
 (D:\Miketx\tex/latex/graphics\keyval.sty
Package: keyval 2022/05/29 v1.15 key=value parser (DPC)
\KV@toks@=\toks17
) (D:\Miketx\tex/latex/graphics\graphics.sty
Package: graphics 2024/08/06 v1.4g Standard LaTeX Graphics (DPC,SPQR)
 (D:\Miketx\tex/latex/graphics\trig.sty
Package: trig 2023/12/02 v1.11 sin cos tan (DPC)
) (D:\Miketx\tex/latex/graphics-cfg\graphics.cfg
File: graphics.cfg 2016/06/04 v1.11 sample graphics configuration
)
Package graphics Info: Driver file: pdftex.def on input line 106.
 (D:\Miketx\tex/latex/graphics-def\pdftex.def
File: pdftex.def 2024/04/13 v1.2c Graphics/color driver for pdftex
))
\Gin@req@height=\dimen142
\Gin@req@width=\dimen143
) (D:\Miketx\tex/latex/base\inputenc.sty
Package: inputenc 2024/02/08 v1.3d Input encoding file
\inpenc@prehook=\toks18
\inpenc@posthook=\toks19
) (D:\Miketx\tex/generic/babel\babel.sty
Package: babel 2024/11/08 v24.13 The multilingual framework for pdfLaTeX, LuaLaTeX and XeLaTeX
\babel@savecnt=\count271
\U@D=\dimen144
\l@unhyphenated=\language79
 (D:\Miketx\tex/generic/babel\txtbabel.def)
\bbl@readstream=\read2
\bbl@dirlevel=\count272

*************************************
* Local config file bblopts.cfg used
*
(D:\Miketx\tex/latex/arabi\bblopts.cfg
File: bblopts.cfg 2005/09/08 v0.1 add Arabic and Farsi to "declared" options of babel
) (D:\Miketx\tex/latex/babel-spanish\spanish.ldf
Language: spanish.ldf 2021/05/27 v5.0q Spanish support from the babel system
\es@quottoks=\toks20
\es@quotdepth=\count273
Package babel Info: Making " an active character on input line 570.
Package babel Info: Making . an active character on input line 675.
Package babel Info: Making < an active character on input line 722.
Package babel Info: Making > an active character on input line 722.
)) (D:\Miketx\tex/generic/babel/locale/es\babel-spanish.tex
Package babel Info: Importing font and identification data for spanish
(babel)             from babel-es.ini. Reported on input line 11.
) (D:\Miketx\tex/latex/anysize\anysize.sty
Package: anysize 1994/08/13 setting margin sizes

document style option `anysize' loaded
Michael Salzenberg, Thomas Esser, Dirk Hillbrecht
Version 1.0, Aug 13, 1994
\@Leftmargin=\dimen145
\@Rightmargin=\dimen146
\@Topmargin=\dimen147
\@Bottommargin=\dimen148
) (D:\Miketx\tex/latex/tools\tabularx.sty
Package: tabularx 2023/12/11 v2.12a `tabularx' package (DPC)
 (D:\Miketx\tex/latex/tools\array.sty
Package: array 2024/10/17 v2.6g Tabular extension package (FMi)
\col@sep=\dimen149
\ar@mcellbox=\box52
\extrarowheight=\dimen150
\NC@list=\toks21
\extratabsurround=\skip51
\backup@length=\skip52
\ar@cellbox=\box53
)
\TX@col@width=\dimen151
\TX@old@table=\dimen152
\TX@old@col=\dimen153
\TX@target=\dimen154
\TX@delta=\dimen155
\TX@cols=\count274
\TX@ftn=\toks22
) (D:\Miketx\tex/latex/float\float.sty
Package: float 2001/11/08 v1.3d Float enhancements (AL)
\c@float@type=\count275
\float@exts=\toks23
\float@box=\box54
\@float@everytoks=\toks24
\@floatcapt=\box55
) (D:\Miketx\tex/latex/multirow\multirow.sty
Package: multirow 2024/11/12 v2.9 Span multiple rows of a table
\multirow@colwidth=\skip53
\multirow@cntb=\count276
\multirow@dima=\skip54
\bigstrutjot=\dimen156
) (D:\Miketx\tex/latex/tools\longtable.sty
Package: longtable 2024-10-27 v4.22 Multi-page Table package (DPC)
\LTleft=\skip55
\LTright=\skip56
\LTpre=\skip57
\LTpost=\skip58
\LTchunksize=\count277
\LTcapwidth=\dimen157
\LT@head=\box56
\LT@firsthead=\box57
\LT@foot=\box58
\LT@lastfoot=\box59
\LT@gbox=\box60
\LT@cols=\count278
\LT@rows=\count279
\c@LT@tables=\count280
\c@LT@chunks=\count281
\LT@p@ftn=\toks25
) (D:\Miketx\tex/latex/caption\caption.sty
Package: caption 2023/08/05 v3.6o Customizing captions (AR)
 (D:\Miketx\tex/latex/caption\caption3.sty
Package: caption3 2023/07/31 v2.4d caption3 kernel (AR)
\caption@tempdima=\dimen158
\captionmargin=\dimen159
\caption@leftmargin=\dimen160
\caption@rightmargin=\dimen161
\caption@width=\dimen162
\caption@indent=\dimen163
\caption@parindent=\dimen164
\caption@hangindent=\dimen165
Package caption Info: Standard document class detected.
)
\c@caption@flags=\count282
\c@continuedfloat=\count283
Package caption Info: float package is loaded.
Package caption Info: longtable package is loaded.
 (D:\Miketx\tex/latex/caption\ltcaption.sty
Package: ltcaption 2021/01/08 v1.4c longtable captions (AR)
)) (D:\Miketx\tex/latex/xcolor\xcolor.sty
Package: xcolor 2024/09/29 v3.02 LaTeX color extensions (UK)
 (D:\Miketx\tex/latex/graphics-cfg\color.cfg
File: color.cfg 2016/01/02 v1.6 sample color configuration
)
Package xcolor Info: Driver file: pdftex.def on input line 274.
 (D:\Miketx\tex/latex/graphics\mathcolor.ltx)
Package xcolor Info: Model `cmy' substituted by `cmy0' on input line 1349.
Package xcolor Info: Model `hsb' substituted by `rgb' on input line 1353.
Package xcolor Info: Model `RGB' extended on input line 1365.
Package xcolor Info: Model `HTML' substituted by `rgb' on input line 1367.
Package xcolor Info: Model `Hsb' substituted by `hsb' on input line 1368.
Package xcolor Info: Model `tHsb' substituted by `hsb' on input line 1369.
Package xcolor Info: Model `HSB' substituted by `hsb' on input line 1370.
Package xcolor Info: Model `Gray' substituted by `gray' on input line 1371.
Package xcolor Info: Model `wave' substituted by `hsb' on input line 1372.
) (D:\Miketx\tex/latex/colortbl\colortbl.sty
Package: colortbl 2024/07/06 v1.0i Color table columns (DPC)
\everycr=\toks26
\minrowclearance=\skip59
\rownum=\count284
) (D:\Miketx\tex/latex/csquotes\csquotes.sty
Package: csquotes 2024-04-04 v5.2o context-sensitive quotations (JAW)
 (D:\Miketx\tex/latex/etoolbox\etoolbox.sty
Package: etoolbox 2020/10/05 v2.5k e-TeX tools for LaTeX (JAW)
\etb@tempcnta=\count285
)
\csq@reset=\count286
\csq@gtype=\count287
\csq@glevel=\count288
\csq@qlevel=\count289
\csq@maxlvl=\count290
\csq@tshold=\count291
\csq@ltx@everypar=\toks27
 (D:\Miketx\tex/latex/csquotes\csquotes.def
File: csquotes.def 2024-04-04 v5.2o csquotes generic definitions (JAW)
)
Package csquotes Info: Trying to load configuration file 'csquotes.cfg'...
Package csquotes Info: ... configuration file loaded successfully.
 (D:\Miketx\tex/latex/csquotes\csquotes.cfg
File: csquotes.cfg 
)) (D:\Miketx\tex/latex/hyperref\hyperref.sty
Package: hyperref 2024-11-05 v7.01l Hypertext links for LaTeX
 (D:\Miketx\tex/generic/iftex\iftex.sty
Package: iftex 2022/02/03 v1.0f TeX engine tests
) (D:\Miketx\tex/latex/kvsetkeys\kvsetkeys.sty
Package: kvsetkeys 2022-10-05 v1.19 Key value parser (HO)
) (D:\Miketx\tex/generic/kvdefinekeys\kvdefinekeys.sty
Package: kvdefinekeys 2019-12-19 v1.6 Define keys (HO)
) (D:\Miketx\tex/generic/pdfescape\pdfescape.sty
Package: pdfescape 2019/12/09 v1.15 Implements pdfTeX's escape features (HO)
 (D:\Miketx\tex/generic/ltxcmds\ltxcmds.sty
Package: ltxcmds 2023-12-04 v1.26 LaTeX kernel commands for general use (HO)
) (D:\Miketx\tex/generic/pdftexcmds\pdftexcmds.sty
Package: pdftexcmds 2020-06-27 v0.33 Utility functions of pdfTeX for LuaTeX (HO)
 (D:\Miketx\tex/generic/infwarerr\infwarerr.sty
Package: infwarerr 2019/12/03 v1.5 Providing info/warning/error messages (HO)
)
Package pdftexcmds Info: \pdf@primitive is available.
Package pdftexcmds Info: \pdf@ifprimitive is available.
Package pdftexcmds Info: \pdfdraftmode found.
)) (D:\Miketx\tex/latex/hycolor\hycolor.sty
Package: hycolor 2020-01-27 v1.10 Color options for hyperref/bookmark (HO)
) (D:\Miketx\tex/latex/hyperref\nameref.sty
Package: nameref 2023-11-26 v2.56 Cross-referencing by name of section
 (D:\Miketx\tex/latex/refcount\refcount.sty
Package: refcount 2019/12/15 v3.6 Data extraction from label references (HO)
) (D:\Miketx\tex/generic/gettitlestring\gettitlestring.sty
Package: gettitlestring 2019/12/15 v1.6 Cleanup title references (HO)
 (D:\Miketx\tex/latex/kvoptions\kvoptions.sty
Package: kvoptions 2022-06-15 v3.15 Key value format for package options (HO)
))
\c@section@level=\count292
) (D:\Miketx\tex/generic/stringenc\stringenc.sty
Package: stringenc 2019/11/29 v1.12 Convert strings between diff. encodings (HO)
)
\@linkdim=\dimen166
\Hy@linkcounter=\count293
\Hy@pagecounter=\count294
 (D:\Miketx\tex/latex/hyperref\pd1enc.def
File: pd1enc.def 2024-11-05 v7.01l Hyperref: PDFDocEncoding definition (HO)
Now handling font encoding PD1 ...
... no UTF-8 mapping file for font encoding PD1
) (D:\Miketx\tex/generic/intcalc\intcalc.sty
Package: intcalc 2019/12/15 v1.3 Expandable calculations with integers (HO)
)
\Hy@SavedSpaceFactor=\count295
 (D:\Miketx\tex/latex/hyperref\puenc.def
File: puenc.def 2024-11-05 v7.01l Hyperref: PDF Unicode definition (HO)
Now handling font encoding PU ...
... no UTF-8 mapping file for font encoding PU
)
Package hyperref Info: Hyper figures OFF on input line 4157.
Package hyperref Info: Link nesting OFF on input line 4162.
Package hyperref Info: Hyper index ON on input line 4165.
Package hyperref Info: Plain pages OFF on input line 4172.
Package hyperref Info: Backreferencing OFF on input line 4177.
Package hyperref Info: Implicit mode ON; LaTeX internals redefined.
Package hyperref Info: Bookmarks ON on input line 4424.
\c@Hy@tempcnt=\count296
 (D:\Miketx\tex/latex/url\url.sty
\Urlmuskip=\muskip17
Package: url 2013/09/16  ver 3.4  Verb mode for urls, etc.
)
LaTeX Info: Redefining \url on input line 4763.
\XeTeXLinkMargin=\dimen167
 (D:\Miketx\tex/generic/bitset\bitset.sty
Package: bitset 2019/12/09 v1.3 Handle bit-vector datatype (HO)
 (D:\Miketx\tex/generic/bigintcalc\bigintcalc.sty
Package: bigintcalc 2019/12/15 v1.5 Expandable calculations on big integers (HO)
))
\Fld@menulength=\count297
\Field@Width=\dimen168
\Fld@charsize=\dimen169
Package hyperref Info: Hyper figures OFF on input line 6042.
Package hyperref Info: Link nesting OFF on input line 6047.
Package hyperref Info: Hyper index ON on input line 6050.
Package hyperref Info: backreferencing OFF on input line 6057.
Package hyperref Info: Link coloring OFF on input line 6062.
Package hyperref Info: Link coloring with OCG OFF on input line 6067.
Package hyperref Info: PDF/A mode OFF on input line 6072.
 (D:\Miketx\tex/latex/base\atbegshi-ltx.sty
Package: atbegshi-ltx 2021/01/10 v1.0c Emulation of the original atbegshi
package with kernel methods
)
\Hy@abspage=\count298
\c@Item=\count299
\c@Hfootnote=\count300
)
Package hyperref Info: Driver (autodetected): hpdftex.
 (D:\Miketx\tex/latex/hyperref\hpdftex.def
File: hpdftex.def 2024-11-05 v7.01l Hyperref driver for pdfTeX
 (D:\Miketx\tex/latex/base\atveryend-ltx.sty
Package: atveryend-ltx 2020/08/19 v1.0a Emulation of the original atveryend package
with kernel methods
)
\Fld@listcount=\count301
\c@bookmark@seq@number=\count302
 (D:\Miketx\tex/latex/rerunfilecheck\rerunfilecheck.sty
Package: rerunfilecheck 2022-07-10 v1.10 Rerun checks for auxiliary files (HO)
 (D:\Miketx\tex/generic/uniquecounter\uniquecounter.sty
Package: uniquecounter 2019/12/15 v1.4 Provide unlimited unique counter (HO)
)
Package uniquecounter Info: New unique counter `rerunfilecheck' on input line 285.
)
\Hy@SectionHShift=\skip60
) (D:\Miketx\tex/latex/biblatex\biblatex.sty
Package: biblatex 2024/03/21 v3.20 programmable bibliographies (PK/MW)
 (D:\Miketx\tex/latex/logreq\logreq.sty
Package: logreq 2010/08/04 v1.0 xml request logger
\lrq@indent=\count303
 (D:\Miketx\tex/latex/logreq\logreq.def
File: logreq.def 2010/08/04 v1.0 logreq spec v1.0
)) (D:\Miketx\tex/latex/base\ifthen.sty
Package: ifthen 2024/03/16 v1.1e Standard LaTeX ifthen package (DPC)
)
\c@tabx@nest=\count304
\c@listtotal=\count305
\c@listcount=\count306
\c@liststart=\count307
\c@liststop=\count308
\c@citecount=\count309
\c@citetotal=\count310
\c@multicitecount=\count311
\c@multicitetotal=\count312
\c@instcount=\count313
\c@maxnames=\count314
\c@minnames=\count315
\c@maxitems=\count316
\c@minitems=\count317
\c@citecounter=\count318
\c@maxcitecounter=\count319
\c@savedcitecounter=\count320
\c@uniquelist=\count321
\c@uniquename=\count322
\c@refsection=\count323
\c@refsegment=\count324
\c@maxextratitle=\count325
\c@maxextratitleyear=\count326
\c@maxextraname=\count327
\c@maxextradate=\count328
\c@maxextraalpha=\count329
\c@abbrvpenalty=\count330
\c@highnamepenalty=\count331
\c@lownamepenalty=\count332
\c@maxparens=\count333
\c@parenlevel=\count334
\blx@tempcnta=\count335
\blx@tempcntb=\count336
\blx@tempcntc=\count337
\c@blx@maxsection=\count338
\blx@maxsegment@0=\count339
\blx@notetype=\count340
\blx@parenlevel@text=\count341
\blx@parenlevel@foot=\count342
\blx@sectionciteorder@0=\count343
\blx@sectionciteorderinternal@0=\count344
\blx@entrysetcounter=\count345
\blx@biblioinstance=\count346
\labelnumberwidth=\skip61
\labelalphawidth=\skip62
\biblabelsep=\skip63
\bibitemsep=\skip64
\bibnamesep=\skip65
\bibinitsep=\skip66
\bibparsep=\skip67
\bibhang=\skip68
\blx@bcfin=\read3
\blx@bcfout=\write3
\blx@langwohyphens=\language80
\c@mincomprange=\count347
\c@maxcomprange=\count348
\c@mincompwidth=\count349
Package biblatex Info: Trying to load biblatex default data model...
Package biblatex Info: ... file 'blx-dm.def' found.
 (D:\Miketx\tex/latex/biblatex\blx-dm.def
File: blx-dm.def 2024/03/21 v3.20 biblatex datamodel (PK/MW)
)
Package biblatex Info: Trying to load biblatex style data model...
Package biblatex Info: ... file 'ieee.dbx' not found.
Package biblatex Info: Trying to load biblatex custom data model...
Package biblatex Info: ... file 'biblatex-dm.cfg' not found.
\c@afterword=\count350
\c@savedafterword=\count351
\c@annotator=\count352
\c@savedannotator=\count353
\c@author=\count354
\c@savedauthor=\count355
\c@bookauthor=\count356
\c@savedbookauthor=\count357
\c@commentator=\count358
\c@savedcommentator=\count359
\c@editor=\count360
\c@savededitor=\count361
\c@editora=\count362
\c@savededitora=\count363
\c@editorb=\count364
\c@savededitorb=\count365
\c@editorc=\count366
\c@savededitorc=\count367
\c@foreword=\count368
\c@savedforeword=\count369
\c@holder=\count370
\c@savedholder=\count371
\c@introduction=\count372
\c@savedintroduction=\count373
\c@namea=\count374
\c@savednamea=\count375
\c@nameb=\count376
\c@savednameb=\count377
\c@namec=\count378
\c@savednamec=\count379
\c@translator=\count380
\c@savedtranslator=\count381
\c@shortauthor=\count382
\c@savedshortauthor=\count383
\c@shorteditor=\count384
\c@savedshorteditor=\count385
\c@labelname=\count386
\c@savedlabelname=\count387
\c@institution=\count388
\c@savedinstitution=\count389
\c@lista=\count390
\c@savedlista=\count391
\c@listb=\count392
\c@savedlistb=\count393
\c@listc=\count394
\c@savedlistc=\count395
\c@listd=\count396
\c@savedlistd=\count397
\c@liste=\count398
\c@savedliste=\count399
\c@listf=\count400
\c@savedlistf=\count401
\c@location=\count402
\c@savedlocation=\count403
\c@organization=\count404
\c@savedorganization=\count405
\c@origlocation=\count406
\c@savedoriglocation=\count407
\c@origpublisher=\count408
\c@savedorigpublisher=\count409
\c@publisher=\count410
\c@savedpublisher=\count411
\c@language=\count412
\c@savedlanguage=\count413
\c@origlanguage=\count414
\c@savedoriglanguage=\count415
\c@pageref=\count416
\c@savedpageref=\count417
\shorthandwidth=\skip69
\shortjournalwidth=\skip70
\shortserieswidth=\skip71
\shorttitlewidth=\skip72
\shortauthorwidth=\skip73
\shorteditorwidth=\skip74
\locallabelnumberwidth=\skip75
\locallabelalphawidth=\skip76
\localshorthandwidth=\skip77
\localshortjournalwidth=\skip78
\localshortserieswidth=\skip79
\localshorttitlewidth=\skip80
\localshortauthorwidth=\skip81
\localshorteditorwidth=\skip82
Package biblatex Info: Trying to load compatibility code...
Package biblatex Info: ... file 'blx-compat.def' found.
 (D:\Miketx\tex/latex/biblatex\blx-compat.def
File: blx-compat.def 2024/03/21 v3.20 biblatex compatibility (PK/MW)
)
Package biblatex Info: Trying to load generic definitions...
Package biblatex Info: ... file 'biblatex.def' found.
 (D:\Miketx\tex/latex/biblatex\biblatex.def
File: biblatex.def 2024/03/21 v3.20 biblatex compatibility (PK/MW)
\c@textcitecount=\count418
\c@textcitetotal=\count419
\c@textcitemaxnames=\count420
\c@biburlbigbreakpenalty=\count421
\c@biburlbreakpenalty=\count422
\c@biburlnumpenalty=\count423
\c@biburlucpenalty=\count424
\c@biburllcpenalty=\count425
\biburlbigskip=\muskip18
\biburlnumskip=\muskip19
\biburlucskip=\muskip20
\biburllcskip=\muskip21
\c@smartand=\count426
)
Package biblatex Info: Trying to load bibliography style 'ieee'...
Package biblatex Info: ... file 'ieee.bbx' found.
 (D:\Miketx\tex/latex/biblatex-ieee\ieee.bbx
File: ieee.bbx 2024-11-13 v1.4 biblatex bibliography style
Package biblatex Info: Trying to load bibliography style 'numeric-comp'...
Package biblatex Info: ... file 'numeric-comp.bbx' found.
 (D:\Miketx\tex/latex/biblatex/bbx\numeric-comp.bbx
File: numeric-comp.bbx 2024/03/21 v3.20 biblatex bibliography style (PK/MW)
Package biblatex Info: Trying to load bibliography style 'numeric'...
Package biblatex Info: ... file 'numeric.bbx' found.
 (D:\Miketx\tex/latex/biblatex/bbx\numeric.bbx
File: numeric.bbx 2024/03/21 v3.20 biblatex bibliography style (PK/MW)
Package biblatex Info: Trying to load bibliography style 'standard'...
Package biblatex Info: ... file 'standard.bbx' found.
 (D:\Miketx\tex/latex/biblatex/bbx\standard.bbx
File: standard.bbx 2024/03/21 v3.20 biblatex bibliography style (PK/MW)
\c@bbx:relatedcount=\count427
\c@bbx:relatedtotal=\count428
))))
Package biblatex Info: Trying to load citation style 'ieee'...
Package biblatex Info: ... file 'ieee.cbx' found.
 (D:\Miketx\tex/latex/biblatex-ieee\ieee.cbx
File: ieee.cbx 2024-11-13 v1.4 biblatex citation style
Package biblatex Info: Trying to load citation style 'numeric'...
Package biblatex Info: ... file 'numeric.cbx' found.
 (D:\Miketx\tex/latex/biblatex/cbx\numeric.cbx
File: numeric.cbx 2024/03/21 v3.20 biblatex citation style (PK/MW)
Package biblatex Info: Redefining '\cite'.
Package biblatex Info: Redefining '\parencite'.
Package biblatex Info: Redefining '\footcite'.
Package biblatex Info: Redefining '\footcitetext'.
Package biblatex Info: Redefining '\smartcite'.
Package biblatex Info: Redefining '\supercite'.
Package biblatex Info: Redefining '\textcite'.
Package biblatex Info: Redefining '\textcites'.
Package biblatex Info: Redefining '\cites'.
Package biblatex Info: Redefining '\parencites'.
Package biblatex Info: Redefining '\smartcites'.
)
Package biblatex Info: Redefining '\cite'.


Package biblatex Warning: Macro 'cite' already defined.
(biblatex)                Using \renewbibmacro.

)
Package biblatex Info: Trying to load configuration file...
Package biblatex Info: ... file 'biblatex.cfg' found.
 (D:\Miketx\tex/latex/biblatex\biblatex.cfg
File: biblatex.cfg 
)
Package biblatex Info: Input encoding 'utf8' detected.
Package biblatex Info: Document encoding is UTF8 ....
 (D:\Miketx\tex/latex/l3kernel\expl3.sty
Package: expl3 2024-11-02 L3 programming layer (loader) 
 (D:\Miketx\tex/latex/l3backend\l3backend-pdftex.def
File: l3backend-pdftex.def 2024-05-08 L3 backend support: PDF output (pdfTeX)
\l__color_backend_stack_int=\count429
\l__pdf_internal_box=\box61
))
Package biblatex Info: ... and expl3
(biblatex)             2024-11-02 L3 programming layer (loader) 
(biblatex)             is new enough (at least 2020/04/06),
(biblatex)             setting 'casechanger=expl3'.
 (D:\Miketx\tex/latex/biblatex\blx-case-expl3.sty (D:\Miketx\tex/latex/l3packages/xparse\xparse.sty
Package: xparse 2024-08-16 L3 Experimental document command parser
)
Package: blx-case-expl3 2024/03/21 v3.20 expl3 case changing code for biblatex
))
Package csquotes Info: Checking for multilingual support...
Package csquotes Info: ... found 'babel' package.
Package csquotes Info: Adjusting default style.
Package csquotes Info: Redefining alias 'default' -> 'spanish'.
 (00_anteproyecto.aux (01_portada.aux) (02_contraportada.aux)
LaTeX Info: Redefining \. on input line 14.
LaTeX Info: Redefining \% on input line 14.


LaTeX Warning: Label `tab:estudios' multiply defined.


LaTeX Warning: Label `tab:estudios' multiply defined.


LaTeX Warning: Label `tab:estudios' multiply defined.


LaTeX Warning: Label `fig:imagen1mindset' multiply defined.


LaTeX Warning: Label `fig:imagen1mindset' multiply defined.


LaTeX Warning: Label `fig:imagen1mindset' multiply defined.


LaTeX Warning: Label `fig:imagen1mindset' multiply defined.

)
\openout1 = `00_anteproyecto.aux'.

LaTeX Font Info:    Checking defaults for OML/cmm/m/it on input line 25.
LaTeX Font Info:    ... okay on input line 25.
LaTeX Font Info:    Checking defaults for OMS/cmsy/m/n on input line 25.
LaTeX Font Info:    ... okay on input line 25.
LaTeX Font Info:    Checking defaults for OT1/cmr/m/n on input line 25.
LaTeX Font Info:    ... okay on input line 25.
LaTeX Font Info:    Checking defaults for T1/cmr/m/n on input line 25.
LaTeX Font Info:    ... okay on input line 25.
LaTeX Font Info:    Checking defaults for TS1/cmr/m/n on input line 25.
LaTeX Font Info:    ... okay on input line 25.
LaTeX Font Info:    Checking defaults for OMX/cmex/m/n on input line 25.
LaTeX Font Info:    ... okay on input line 25.
LaTeX Font Info:    Checking defaults for U/cmr/m/n on input line 25.
LaTeX Font Info:    ... okay on input line 25.
LaTeX Font Info:    Checking defaults for PD1/pdf/m/n on input line 25.
LaTeX Font Info:    ... okay on input line 25.
LaTeX Font Info:    Checking defaults for PU/pdf/m/n on input line 25.
LaTeX Font Info:    ... okay on input line 25.
 (D:\Miketx\tex/context/base/mkii\supp-pdf.mkii
[Loading MPS to PDF converter (version 2006.09.02).]
\scratchcounter=\count430
\scratchdimen=\dimen170
\scratchbox=\box62
\nofMPsegments=\count431
\nofMParguments=\count432
\everyMPshowfont=\toks28
\MPscratchCnt=\count433
\MPscratchDim=\dimen171
\MPnumerator=\count434
\makeMPintoPDFobject=\count435
\everyMPtoPDFconversion=\toks29
) (D:\Miketx\tex/latex/epstopdf-pkg\epstopdf-base.sty
Package: epstopdf-base 2020-01-24 v2.11 Base part for package epstopdf
Package epstopdf-base Info: Redefining graphics rule for `.eps' on input line 485.
 (D:\Miketx\tex/latex/00miktex\epstopdf-sys.cfg
File: epstopdf-sys.cfg 2021/03/18 v2.0 Configuration of epstopdf for MiKTeX
))
LaTeX Info: Redefining \. on input line 25.
LaTeX Info: Redefining \% on input line 25.
Package caption Info: Begin \AtBeginDocument code.
Package caption Info: hyperref package is loaded.
Package caption Info: End \AtBeginDocument code.
Package hyperref Info: Link coloring OFF on input line 25.
 (00_anteproyecto.out) (00_anteproyecto.out)
\@outlinefile=\write4
\openout4 = `00_anteproyecto.out'.

Package biblatex Info: Trying to load language 'spanish'...
Package biblatex Info: ... file 'spanish.lbx' found.
 (D:\Miketx\tex/latex/biblatex/lbx\spanish.lbx
File: spanish.lbx 2024/03/21 v3.20 biblatex localization (PK/MW)
)
Package biblatex Info: Input encoding 'utf8' detected.
Package biblatex Info: Automatic encoding selection.
(biblatex)             Assuming data encoding 'utf8'.
\openout3 = `00_anteproyecto.bcf'.

Package biblatex Info: Trying to load bibliographic data...
Package biblatex Info: ... file '00_anteproyecto.bbl' found.
 (00_anteproyecto.bbl)
Package biblatex Info: Reference section=0 on input line 25.
Package biblatex Info: Reference segment=0 on input line 25.
\openout2 = `01_portada.aux'.

 (01_portada.tex)
\openout2 = `02_contraportada.aux'.

 (02_contraportada.tex)
<Imagenes/LogoUnivalle.png, id=183, 1439.3775pt x 2055.68pt>
File: Imagenes/LogoUnivalle.png Graphic file (type png)
<use Imagenes/LogoUnivalle.png>
Package pdftex.def Info: Imagenes/LogoUnivalle.png  used on input line 29.
(pdftex.def)             Requested size: 100.09526pt x 142.93991pt.


[1








{C:/Users/juanc/AppData/Local/MiKTeX/fonts/map/pdftex/pdftex.map} <./Imagenes/LogoUnivalle.png>]
File: Imagenes/LogoUnivalle.png Graphic file (type png)
<use Imagenes/LogoUnivalle.png>
Package pdftex.def Info: Imagenes/LogoUnivalle.png  used on input line 30.
(pdftex.def)             Requested size: 100.09526pt x 142.93991pt.



pdfTeX warning (ext4): destination with the same identifier (name{page.1}) has been already used, duplicate ignored
<to be read again> 
                   \relax 
l.30 \contraportada
                    [1

]


pdfTeX warning (ext4): destination with the same identifier (name{page.1}) has been already used, duplicate ignored
<to be read again> 
                   \relax 
l.33 
      [1]

[2] (00_anteproyecto.toc
LaTeX Info: Redefining \sptext on input line 1.
LaTeX Info: Redefining \. on input line 1.
LaTeX Info: Redefining \% on input line 1.
LaTeX Font Info:    External font `cmex10' loaded for size
(Font)              <10.95> on input line 4.
LaTeX Font Info:    External font `cmex10' loaded for size
(Font)              <8> on input line 4.
LaTeX Font Info:    External font `cmex10' loaded for size
(Font)              <6> on input line 4.


[3

])
\tf@toc=\write5
\openout5 = `00_anteproyecto.toc'.



[4] (00_anteproyecto.lof
LaTeX Info: Redefining \sptext on input line 1.
LaTeX Info: Redefining \. on input line 1.
LaTeX Info: Redefining \% on input line 1.

Overfull \hbox (5.25468pt too wide) in paragraph at lines 13--13
 [][] [][]\OT1/cmr/m/n/10.95 M^^Sodu-lo fit-ness, ima-gen de las ins-truc-cio-nes so-bre ga-mi-fi-ca-ci^^Son del t^^Sunel car-piano,Elaboraci^^Son 
 []


Overfull \hbox (21.43633pt too wide) in paragraph at lines 24--24
 [][] [][]\OT1/cmr/m/n/10.95 Imagen de re-fe-ren-cia so-bre ins-truc-cio-nes de ga-mi-fi-ca-ci^^Son pa-ra los m^^Sodu-los con-jun-tos,Elaboraci^^Son 
 []


Overfull \hbox (8.05298pt too wide) in paragraph at lines 25--25
 [][] [][]\OT1/cmr/m/n/10.95 Imagen de re-fe-ren-cia so-bre re-sul-ta-dos de ga-mi-fi-ca-ci^^Son pa-ra los m^^Sodu-los con-jun-tos,Elaboraci^^Son 
 []



[5

]

LaTeX Info: Redefining \sptext on input line 46.
LaTeX Info: Redefining \. on input line 46.
LaTeX Info: Redefining \% on input line 46.
[6]

LaTeX Info: Redefining \sptext on input line 62.
LaTeX Info: Redefining \. on input line 62.
LaTeX Info: Redefining \% on input line 62.
[7])
\tf@lof=\write6
\openout6 = `00_anteproyecto.lof'.



[8] (00_anteproyecto.lot
LaTeX Info: Redefining \sptext on input line 1.
LaTeX Info: Redefining \. on input line 1.
LaTeX Info: Redefining \% on input line 1.
)
\tf@lot=\write7
\openout7 = `00_anteproyecto.lot'.



[9

] (03_resumen.tex)
Underfull \hbox (badness 10000) in paragraph at lines 1--53

 []


Underfull \hbox (badness 10000) in paragraph at lines 1--53

 []


Underfull \hbox (badness 10000) in paragraph at lines 1--53

 []



[10

] (12_abstract.tex
Underfull \hbox (badness 10000) in paragraph at lines 1--8

 []


Underfull \hbox (badness 10000) in paragraph at lines 1--8

 []


Underfull \hbox (badness 10000) in paragraph at lines 1--8

 []

)


pdfTeX warning (ext4): destination with the same identifier (name{page.1}) has been already used, duplicate ignored
<to be read again> 
                   \relax 
l.61 \chapter
             {Introducción} [1

]
Cap\'{\i }tulo 1.
(04_introduccion.tex)
Underfull \hbox (badness 10000) in paragraph at lines 1--63

 []


Underfull \hbox (badness 10000) in paragraph at lines 1--63

 []


Underfull \hbox (badness 10000) in paragraph at lines 1--63

 []


Underfull \hbox (badness 10000) in paragraph at lines 1--63

 []


Underfull \hbox (badness 10000) in paragraph at lines 1--63

 []


Underfull \hbox (badness 10000) in paragraph at lines 1--63

 []




pdfTeX warning (ext4): destination with the same identifier (name{page.2}) has been already used, duplicate ignored
<to be read again> 
                   \relax 
l.65 \chapter
             {Formulación del problema} [2

]
Cap\'{\i }tulo 2.
(05_formulacion_problema.tex
Underfull \hbox (badness 10000) in paragraph at lines 5--6

 []


Underfull \hbox (badness 10000) in paragraph at lines 5--6

 []


Underfull \hbox (badness 10000) in paragraph at lines 7--12

 []


Underfull \hbox (badness 10000) in paragraph at lines 7--12

 []

<Imagenes/glasdoor.png, id=556, 869.2475pt x 1151.30125pt>
File: Imagenes/glasdoor.png Graphic file (type png)
<use Imagenes/glasdoor.png>
Package pdftex.def Info: Imagenes/glasdoor.png  used on input line 16.
(pdftex.def)             Requested size: 250.24199pt x 331.44452pt.



pdfTeX warning (ext4): destination with the same identifier (name{page.3}) has been already used, duplicate ignored
<to be read again> 
                   \relax 
l.20 \newpage
              [3

]
Underfull \hbox (badness 10000) in paragraph at lines 21--28

 []


Underfull \hbox (badness 10000) in paragraph at lines 21--28

 []


Underfull \hbox (badness 10000) in paragraph at lines 21--28

 []



LaTeX Info: Redefining \. on input line 28.
LaTeX Info: Redefining \% on input line 28.

pdfTeX warning (ext4): destination with the same identifier (name{page.4}) has been already used, duplicate ignored
<to be read again> 
                   \relax 
l.28 \section
             {Formulación del problema} [4 <./Imagenes/glasdoor.png>])
Underfull \hbox (badness 10000) in paragraph at lines 29--67

 []



LaTeX Info: Redefining \. on input line 69.
LaTeX Info: Redefining \% on input line 69.

pdfTeX warning (ext4): destination with the same identifier (name{page.5}) has been already used, duplicate ignored
<to be read again> 
                   \relax 
l.69 \chapter
             {Marco de referencia} [5]
Cap\'{\i }tulo 3.
(06_marco_referencial.tex
Underfull \hbox (badness 10000) in paragraph at lines 4--7

 []


Underfull \hbox (badness 10000) in paragraph at lines 11--24

 []


Underfull \hbox (badness 10000) in paragraph at lines 11--24

 []


Underfull \hbox (badness 10000) in paragraph at lines 11--24

 []


Underfull \hbox (badness 10000) in paragraph at lines 11--24

 []


Underfull \hbox (badness 10000) in paragraph at lines 11--24

 []


Underfull \hbox (badness 10000) in paragraph at lines 11--24

 []




pdfTeX warning (ext4): destination with the same identifier (name{page.6}) has been already used, duplicate ignored
<to be read again> 
                   \relax 
l.24 
      [6

]
Underfull \hbox (badness 10000) in paragraph at lines 28--32

 []


Underfull \hbox (badness 10000) in paragraph at lines 46--49

 []



LaTeX Info: Redefining \. on input line 59.
LaTeX Info: Redefining \% on input line 59.

pdfTeX warning (ext4): destination with the same identifier (name{page.7}) has been already used, duplicate ignored
<to be read again> 
                   \relax 
l.59     \item \textbf
                      {Plataformas de e-learning:} Existen un gran número d... [7]
Underfull \hbox (badness 10000) in paragraph at lines 61--64

 []



LaTeX Info: Redefining \. on input line 81.
LaTeX Info: Redefining \% on input line 81.

pdfTeX warning (ext4): destination with the same identifier (name{page.8}) has been already used, duplicate ignored
<to be read again> 
                   \relax 
l.81 \item \textbf
                  {Interacción efectiva:} Habilidad para comunicarse y cola... [8]
Underfull \hbox (badness 10000) in paragraph at lines 97--102

 []


Underfull \hbox (badness 10000) in paragraph at lines 97--102

 []


Underfull \hbox (badness 10000) in paragraph at lines 105--110

 []


Underfull \hbox (badness 10000) in paragraph at lines 105--110

 []



LaTeX Info: Redefining \. on input line 110.
LaTeX Info: Redefining \% on input line 110.

pdfTeX warning (ext4): destination with the same identifier (name{page.9}) has been already used, duplicate ignored
<to be read again> 
                   \relax 
l.110 
       [9]
Underfull \hbox (badness 10000) in paragraph at lines 111--117

 []


Underfull \hbox (badness 10000) in paragraph at lines 111--117

 []


Underfull \hbox (badness 10000) in paragraph at lines 118--121

 []


Underfull \hbox (badness 1466) in paragraph at lines 169--169
[]\OT1/cmr/bx/n/10.95 I\OT1/cmr/m/n/10.95 ncorpora me-to-do-lo-gias de de-sa-rro-llo de
 []

)

LaTeX Info: Redefining \. on input line 71.
LaTeX Info: Redefining \% on input line 71.

pdfTeX warning (ext4): destination with the same identifier (name{page.10}) has been already used, duplicate ignored
<to be read again> 
                   \relax 
l.71 
      [10]

LaTeX Info: Redefining \. on input line 73.
LaTeX Info: Redefining \% on input line 73.
[11]
Cap\'{\i }tulo 4.
(07_alcance_problema.tex

[12

]
Underfull \hbox (badness 1946) in paragraph at lines 79--79
[]|\OT1/cmr/m/n/10.95 Un in-for-me de la li-te-ra-tu-ra re-co-lec-ta-da, en-
 []

)

LaTeX Info: Redefining \. on input line 77.
LaTeX Info: Redefining \% on input line 77.
[13]
Cap\'{\i }tulo 5.
(08_metodologias.tex
<Imagenes/COL.png, id=627, 803.0pt x 501.875pt>
File: Imagenes/COL.png Graphic file (type png)
<use Imagenes/COL.png>
Package pdftex.def Info: Imagenes/COL.png  used on input line 7.
(pdftex.def)             Requested size: 400.38872pt x 250.24765pt.


[14

 <./Imagenes/COL.png>]
Underfull \hbox (badness 10000) in paragraph at lines 14--21

 []


Underfull \hbox (badness 10000) in paragraph at lines 14--21

 []


Underfull \hbox (badness 10000) in paragraph at lines 14--21

 []


Underfull \hbox (badness 10000) in paragraph at lines 25--40

 []


Underfull \hbox (badness 10000) in paragraph at lines 25--40

 []


Underfull \hbox (badness 10000) in paragraph at lines 25--40

 []


Underfull \hbox (badness 10000) in paragraph at lines 25--40

 []


Underfull \hbox (badness 10000) in paragraph at lines 25--40

 []


Underfull \hbox (badness 10000) in paragraph at lines 25--40

 []


Underfull \hbox (badness 10000) in paragraph at lines 25--40

 []



LaTeX Info: Redefining \. on input line 40.
LaTeX Info: Redefining \% on input line 40.
[15])
Underfull \hbox (badness 10000) in paragraph at lines 46--79

 []


Underfull \hbox (badness 10000) in paragraph at lines 46--79

 []



LaTeX Info: Redefining \. on input line 89.
LaTeX Info: Redefining \% on input line 89.
[16]
Cap\'{\i }tulo 6.
(13_revision_de_literatura.tex
Underfull \hbox (badness 10000) in paragraph at lines 1--3

 []


Underfull \hbox (badness 10000) in paragraph at lines 1--3

 []


Overfull \hbox (33.2128pt too wide) in alignment at lines 4--8
 [] [] [] [] 
 []


Overfull \hbox (33.2128pt too wide) in alignment at lines 8--12
 [] [] [] [] 
 []


Overfull \hbox (33.2128pt too wide) in alignment at lines 12--14
 [] [] [] [] 
 []


Underfull \hbox (badness 10000) in paragraph at lines 16--18
[]|\OT1/cmr/m/n/10.95 Perspectivas en
 []


Underfull \hbox (badness 1917) in paragraph at lines 16--18
\OT1/cmr/m/n/10.95 ci^^Son y Diet^^Seti-ca
 []


Underfull \hbox (badness 3713) in paragraph at lines 18--19
\OT1/cmr/m/n/10.95 por una ali-men-ta-ci^^Son
 []


Underfull \hbox (badness 2343) in paragraph at lines 18--19
\OT1/cmr/m/n/10.95 de-fi-cien-te, com-ple-men-
 []


Underfull \hbox (badness 2012) in paragraph at lines 19--21
\OT1/cmr/m/n/10.95 que co-mo un es-tu-dio
 []


Underfull \hbox (badness 10000) in paragraph at lines 24--25
\OT1/cmr/m/n/10.95 re-vi-si^^Son bi-bliogr^^Safi-ca
 []


Underfull \hbox (badness 10000) in paragraph at lines 24--25
\OT1/cmr/m/n/10.95 exhaus-ti-va so-bre la
 []


Underfull \hbox (badness 2495) in paragraph at lines 24--25
\OT1/cmr/m/n/10.95 in-fluen-cia del de-por-te
 []


Underfull \hbox (badness 4242) in paragraph at lines 24--25
\OT1/cmr/m/n/10.95 ofre-cien-do una vi-si^^Son
 []


Underfull \hbox (badness 2035) in paragraph at lines 24--25
\OT1/cmr/m/n/10.95 fuen-tes con-fia-bles que
 []


Underfull \hbox (badness 1019) in paragraph at lines 25--27
\OT1/cmr/m/n/10.95 una gran can-ti-dad de
 []


Underfull \hbox (badness 1715) in paragraph at lines 25--27
\OT1/cmr/m/n/10.95 pro-fun-di-za de ma-ne-ra
 []


Underfull \hbox (badness 10000) in paragraph at lines 29--30
[]|\OT1/cmr/m/n/10.95 Estrategias
 []


Underfull \hbox (badness 10000) in paragraph at lines 29--30
\OT1/cmr/m/n/10.95 Ga-mi-fi-ca-ci^^Son
 []


Underfull \hbox (badness 10000) in paragraph at lines 29--30
\OT1/cmr/m/n/10.95 apli-ca-das a la
 []


Underfull \hbox (badness 1043) in paragraph at lines 31--32
[]|\OT1/cmr/m/n/10.95 Este do-cu-men-to pro-por-cio-na una
 []


Underfull \hbox (badness 7613) in paragraph at lines 32--34
\OT1/cmr/m/n/10.95 ma-sia-do cen-tra-do en
 []


Underfull \hbox (badness 10000) in paragraph at lines 35--36
[]|\OT1/cmr/m/n/10.95 Gamificaci^^Son
 []


Underfull \hbox (badness 10000) in paragraph at lines 35--36
\OT1/cmr/m/n/10.95 en Edu-ca-ci^^Son
 []


Underfull \hbox (badness 1205) in paragraph at lines 38--38
\OT1/cmr/m/n/10.95 edu-ca-ti-vos, des-ta-can-do
 []


Underfull \hbox (badness 1184) in paragraph at lines 38--38
\OT1/cmr/m/n/10.95 te y me-jo-ran-do tan-to
 []


Underfull \hbox (badness 2245) in paragraph at lines 41--42
[]|\OT1/cmr/m/n/10.95 Play the Ga-me:
 []


Underfull \hbox (badness 10000) in paragraph at lines 41--42
\OT1/cmr/m/n/10.95 ga-mi-fi-ca-ci^^Son y
 []


Underfull \hbox (badness 10000) in paragraph at lines 41--42
\OT1/cmr/m/n/10.95 h^^Sabi-tos sa-lu-da-
 []


Underfull \hbox (badness 1533) in paragraph at lines 43--44
\OT1/cmr/m/n/10.95 ca ga-mi-fi-ca-da de-no-mi-na-da "Play
 []


Underfull \hbox (badness 1783) in paragraph at lines 44--45
[]|\OT1/cmr/m/n/10.95 El do-cu-men-to pre-sen-
 []


Underfull \hbox (badness 1533) in paragraph at lines 44--45
\OT1/cmr/m/n/10.95 ta 7 ni-ve-les de re-tos
 []


Underfull \hbox (badness 7168) in paragraph at lines 44--45
\OT1/cmr/m/n/10.95 mien-tas que abar-can
 []


Underfull \hbox (badness 2799) in paragraph at lines 44--45
\OT1/cmr/m/n/10.95 cia-les has-ta vir-tua-les.
 []


Underfull \hbox (badness 6625) in paragraph at lines 44--45
\OT1/cmr/m/n/10.95 Adem^^Sas, se des-ta-can
 []


Underfull \hbox (badness 7030) in paragraph at lines 44--45
\OT1/cmr/m/n/10.95 me-to-do-log^^S^^Pas efec-ti-vas
 []


Underfull \hbox (badness 6825) in paragraph at lines 45--47
[]|\OT1/cmr/m/n/10.95 Los da-tos ana-li-za-dos
 []


Underfull \hbox (badness 2269) in paragraph at lines 45--47
\OT1/cmr/m/n/10.95 que podr^^S^^Pa in-fluir en
 []


Underfull \hbox (badness 1715) in paragraph at lines 45--47
\OT1/cmr/m/n/10.95 los re-sul-ta-dos y li-mi-
 []


Underfull \hbox (badness 10000) in paragraph at lines 48--49
[]|\OT1/cmr/m/n/10.95 How to win
 []


Underfull \hbox (badness 7814) in paragraph at lines 48--49
\OT1/cmr/m/n/10.95 friends and in-
 []


Underfull \hbox (badness 1552) in paragraph at lines 51--51
\OT1/cmr/m/n/10.95 me-dian-te el au-to-de-sa-
 []


Underfull \hbox (badness 3417) in paragraph at lines 51--51
\OT1/cmr/m/n/10.95 ac-ti-tu-des, co-mo cla-ve
 []


Underfull \hbox (badness 10000) in paragraph at lines 57--59
\OT1/cmr/m/n/10.95 fun-da-men-tos cient^^S^^Pfi-
 []


Underfull \hbox (badness 2469) in paragraph at lines 57--59
\OT1/cmr/m/n/10.95 cos, sino que re-cu-rre
 []


Underfull \hbox (badness 3343) in paragraph at lines 57--59
\OT1/cmr/m/n/10.95 a en-fo-ques emp^^S^^Pri-cos,
 []


Underfull \hbox (badness 6792) in paragraph at lines 57--59
\OT1/cmr/m/n/10.95 apoy^^Sando-se en ex-pe-
 []


Underfull \hbox (badness 7832) in paragraph at lines 57--59
\OT1/cmr/m/n/10.95 rien-cias per-so-na-les y
 []


Underfull \hbox (badness 10000) in paragraph at lines 57--59
\OT1/cmr/m/n/10.95 ejem-plos anecd^^Soti-cos
 []


Underfull \hbox (badness 10000) in paragraph at lines 57--59
\OT1/cmr/m/n/10.95 pa-ra sus-ten-tar sus
 []


Underfull \hbox (badness 10000) in paragraph at lines 60--61
[]|\OT1/cmr/m/n/10.95 Psycho-
 []


Underfull \hbox (badness 10000) in paragraph at lines 60--61
\OT1/cmr/m/n/10.95 Cybernetics
 []


Underfull \hbox (badness 5050) in paragraph at lines 63--63
[]|\OT1/cmr/m/n/10.95 El li-bro fue ava-la-do
 []


Underfull \hbox (badness 1292) in paragraph at lines 63--63
\OT1/cmr/m/n/10.95 y am-plia-men-te elo-gia-
 []


Underfull \hbox (badness 1831) in paragraph at lines 63--63
\OT1/cmr/m/n/10.95 con-so-li-dan-do su repu-
 []


Underfull \hbox (badness 6173) in paragraph at lines 63--65
\OT1/cmr/m/n/10.95 en-fo-que en la au-to-
 []


Underfull \hbox (badness 2495) in paragraph at lines 63--65
\OT1/cmr/m/n/10.95 per-cep-ci^^Son lo man-tie-
 []


Underfull \hbox (badness 3746) in paragraph at lines 63--65
\OT1/cmr/m/n/10.95 ne ple-na-men-te vi-gen-
 []


Underfull \hbox (badness 1348) in paragraph at lines 63--65
\OT1/cmr/m/n/10.95 te en nues-tro con-tex-
 []


Underfull \hbox (badness 1394) in paragraph at lines 63--65
\OT1/cmr/m/n/10.95 to ac-tual. Los prin-ci-
 []


Underfull \hbox (badness 1092) in paragraph at lines 63--65
\OT1/cmr/m/n/10.95 cio-na-dos con la au-to-
 []


Underfull \hbox (badness 10000) in paragraph at lines 66--67
[]|\OT1/cmr/m/n/10.95 Atlas Sh-rug-ged
 []


Underfull \hbox (badness 2512) in paragraph at lines 69--69
\OT1/cmr/m/n/10.95 caz-men-te una ac-ti-tud
 []


Underfull \hbox (badness 1264) in paragraph at lines 69--71
\OT1/cmr/m/n/10.95 ble-men-te ex-ten-sa, con
 []


Underfull \hbox (badness 2913) in paragraph at lines 72--73
[]|\OT1/cmr/m/n/10.95 Del gim-na-sio al
 []


Underfull \hbox (badness 1320) in paragraph at lines 74--75
[]|\OT1/cmr/m/n/10.95 El do-cu-men-to ofre-ce in-for-ma-ci^^Son
 []


Underfull \hbox (badness 10000) in paragraph at lines 76--76
[]|\OT1/cmr/m/n/10.95 Proporciona in-for-ma-
 []


Underfull \hbox (badness 10000) in paragraph at lines 76--76
\OT1/cmr/m/n/10.95 cen-tros de-por-ti-vos y
 []


Underfull \hbox (badness 10000) in paragraph at lines 76--76
\OT1/cmr/m/n/10.95 sus trans-for-ma-cio-nes
 []


Underfull \hbox (badness 10000) in paragraph at lines 76--76
\OT1/cmr/m/n/10.95 ria, con-tex-tua-li-zan-do
 []


Underfull \hbox (badness 5345) in paragraph at lines 79--80
\OT1/cmr/m/n/10.95 to-ti-po de sis-te-
 []


Underfull \hbox (badness 1067) in paragraph at lines 79--80
\OT1/cmr/m/n/10.95 ci^^Son pa-ra ru-ti-na
 []


Underfull \hbox (badness 2158) in paragraph at lines 79--80
\OT1/cmr/m/n/10.95 de ejer-ci-cio car-
 []


Underfull \hbox (badness 1009) in paragraph at lines 83--85
[]|\OT1/cmr/m/n/10.95 Es ne-ce-sa-rio re-eva-luar
 []


Underfull \hbox (badness 1005) in paragraph at lines 83--85
\OT1/cmr/m/n/10.95 nual al a~nadir nue-vas
 []


Underfull \hbox (badness 10000) in paragraph at lines 86--87
[]|\OT1/cmr/m/n/10.95 Prototipo de
 []


Underfull \hbox (badness 1286) in paragraph at lines 86--87
\OT1/cmr/m/n/10.95 sis-te-ma de re-co-
 []


Underfull \hbox (badness 10000) in paragraph at lines 86--87
\OT1/cmr/m/n/10.95 men-da-ci^^Son pa-ra
 []


Underfull \hbox (badness 4353) in paragraph at lines 86--87
\OT1/cmr/m/n/10.95 el de-sa-rro-llo de
 []


Underfull \hbox (badness 10000) in paragraph at lines 86--87
\OT1/cmr/m/n/10.95 de-por-ti-vo de
 []


Underfull \hbox (badness 10000) in paragraph at lines 86--87
\OT1/cmr/m/n/10.95 ma-ne-ra in-di-vi-
 []


Underfull \hbox (badness 2875) in paragraph at lines 90--90
\OT1/cmr/m/n/10.95 mo ex-ce-len-te, lo que
 []


Underfull \hbox (badness 3635) in paragraph at lines 90--90
\OT1/cmr/m/n/10.95 pri-mer des-plie-gue del
 []


Underfull \hbox (badness 2310) in paragraph at lines 90--92
\OT1/cmr/m/n/10.95 se~nas mix-tas pe-ro es
 []


Underfull \hbox (badness 2591) in paragraph at lines 93--94
\OT1/cmr/m/n/10.95 ci^^Son m^^Sovil pa-ra
 []


Underfull \hbox (badness 3826) in paragraph at lines 97--97
\OT1/cmr/m/n/10.95 ci^^Son de sus en-tre-na-
 []


Underfull \hbox (badness 10000) in paragraph at lines 100--101
[]|\OT1/cmr/m/n/10.95 Meditaciones de
 []


Underfull \hbox (badness 10000) in paragraph at lines 109--110
[]|\OT1/cmr/m/n/10.95 La re-vi-si^^Son bi-bliogr^^Safi-ca ofre-ce
 []


Underfull \hbox (badness 10000) in paragraph at lines 109--110
\OT1/cmr/m/n/10.95 un an^^Sali-sis in-tro-duc-to-rio so-bre
 []


Underfull \hbox (badness 3029) in paragraph at lines 109--110
\OT1/cmr/m/n/10.95 el s^^S^^Pndro-me del t^^Sunel car-piano,
 []


Underfull \hbox (badness 4454) in paragraph at lines 111--111
\OT1/cmr/m/n/10.95 tex-tua-li-zar-se so-bre el
 []


Underfull \hbox (badness 4266) in paragraph at lines 111--111
\OT1/cmr/m/n/10.95 piano, pro-por-cio-nan-do
 []


Underfull \hbox (badness 10000) in paragraph at lines 114--115
[]|\OT1/cmr/m/n/10.95 Terapia ma-nual
 []


Underfull \hbox (badness 10000) in paragraph at lines 114--115
\OT1/cmr/m/n/10.95 en el s^^S^^Pndro-
 []


Underfull \hbox (badness 10000) in paragraph at lines 114--115
\OT1/cmr/m/n/10.95 me del t^^Sunel
 []


Underfull \hbox (badness 3088) in paragraph at lines 118--118
[]|\OT1/cmr/m/n/10.95 El do-cu-men-to de-ta-lla
 []


Underfull \hbox (badness 2334) in paragraph at lines 118--118
\OT1/cmr/m/n/10.95 las t^^Secni-cas e ins-tru-
 []


Underfull \hbox (badness 1360) in paragraph at lines 118--118
\OT1/cmr/m/n/10.95 sul-ta-dos. Se en-con-tra-
 []


Underfull \hbox (badness 1412) in paragraph at lines 118--118
\OT1/cmr/m/n/10.95 las t^^Secni-cas de ma-so-
 []


Underfull \hbox (badness 4001) in paragraph at lines 118--118
\OT1/cmr/m/n/10.95 de ma-ne-ra in-di-vi-dual
 []


Underfull \hbox (badness 2671) in paragraph at lines 118--118
\OT1/cmr/m/n/10.95 efec-ti-vas en el tra-ta-
 []


Underfull \hbox (badness 4454) in paragraph at lines 118--120
[]|\OT1/cmr/m/n/10.95 Se re-quie-ren es-tu-dios
 []


Underfull \hbox (badness 10000) in paragraph at lines 118--120
\OT1/cmr/m/n/10.95 adi-cio-na-les so-bre el
 []


Underfull \hbox (badness 10000) in paragraph at lines 118--120
\OT1/cmr/m/n/10.95 s^^S^^Pndro-me del t^^Sunel
 []


Underfull \hbox (badness 10000) in paragraph at lines 118--120
\OT1/cmr/m/n/10.95 for-mas mo-de-ra-da y
 []


Underfull \hbox (badness 1158) in paragraph at lines 118--120
\OT1/cmr/m/n/10.95 se-ve-ra, con un ma-yor
 []


Underfull \hbox (badness 10000) in paragraph at lines 118--120
\OT1/cmr/m/n/10.95 n^^Sume-ro de pa-cien-
 []


Underfull \hbox (badness 4608) in paragraph at lines 118--120
\OT1/cmr/m/n/10.95 tes, pa-ra va-li-dar los
 []


Underfull \hbox (badness 10000) in paragraph at lines 118--120
\OT1/cmr/m/n/10.95 re-sul-ta-dos ob-te-ni-dos
 []


Underfull \hbox (badness 10000) in paragraph at lines 118--120
\OT1/cmr/m/n/10.95 y es-ta-ble-cer con-clu-
 []


Underfull \hbox (badness 10000) in paragraph at lines 118--120
\OT1/cmr/m/n/10.95 sio-nes m^^Sas ro-bus-tas
 []


Underfull \hbox (badness 10000) in paragraph at lines 118--120
\OT1/cmr/m/n/10.95 so-bre la efec-ti-vi-dad
 []


Underfull \hbox (badness 7522) in paragraph at lines 118--120
\OT1/cmr/m/n/10.95 de las in-ter-ven-cio-nes
 []


Underfull \hbox (badness 10000) in paragraph at lines 121--122
[]|\OT1/cmr/m/n/10.95 Efectividad de
 []


Underfull \hbox (badness 10000) in paragraph at lines 121--122
\OT1/cmr/m/n/10.95 la mo-vi-li-za-ci^^Son
 []


Underfull \hbox (badness 10000) in paragraph at lines 121--122
\OT1/cmr/m/n/10.95 con s^^S^^Pndro-me
 []


Underfull \hbox (badness 10000) in paragraph at lines 121--122
\OT1/cmr/m/n/10.95 del t^^Sunel car-
 []


Underfull \hbox (badness 10000) in paragraph at lines 121--122
\OT1/cmr/m/n/10.95 piano: re-vi-si^^Son
 []


Underfull \hbox (badness 1107) in paragraph at lines 125--125
\OT1/cmr/m/n/10.95 se-lec-cio-na-dos, que ini-
 []


Underfull \hbox (badness 1077) in paragraph at lines 125--125
\OT1/cmr/m/n/10.95 tes, lo que pro-por-cio-
 []


Underfull \hbox (badness 1281) in paragraph at lines 125--125
\OT1/cmr/m/n/10.95 dio con-cluy^^So con evi-
 []


Underfull \hbox (badness 10000) in paragraph at lines 125--127
[]|\OT1/cmr/m/n/10.95 A di-fe-ren-cia de las
 []


Underfull \hbox (badness 10000) in paragraph at lines 125--127
\OT1/cmr/m/n/10.95 t^^Secni-cas men-cio-na-das
 []


Underfull \hbox (badness 10000) in paragraph at lines 125--127
\OT1/cmr/m/n/10.95 pue-den no te-ner el
 []


Underfull \hbox (badness 10000) in paragraph at lines 125--127
\OT1/cmr/m/n/10.95 su efec-ti-vi-dad pue-de
 []


Underfull \hbox (badness 10000) in paragraph at lines 128--129
[]|\OT1/cmr/m/n/10.95 Videojuegos,
 []


Underfull \hbox (badness 6608) in paragraph at lines 128--129
\OT1/cmr/m/n/10.95 pr^^Sacti-ca de ac-
 []


Underfull \hbox (badness 10000) in paragraph at lines 128--129
\OT1/cmr/m/n/10.95 ti-vi-dad f^^S^^Psi-ca,
 []


Underfull \hbox (badness 6608) in paragraph at lines 128--129
\OT1/cmr/m/n/10.95 la pro-vin-cia de
 []


Underfull \hbox (badness 10000) in paragraph at lines 133--135
[]|\OT1/cmr/m/n/10.95 Las con-clu-sio-nes del
 []


Underfull \hbox (badness 2538) in paragraph at lines 133--135
\OT1/cmr/m/n/10.95 es-tu-dio re-sul-ta-ron ser
 []


Underfull \hbox (badness 3635) in paragraph at lines 133--135
\OT1/cmr/m/n/10.95 con-tra-rias al ob-je-ti-vo
 []


Underfull \hbox (badness 10000) in paragraph at lines 133--135
\OT1/cmr/m/n/10.95 ini-cial, evi-den-cian-do
 []


Underfull \hbox (badness 2753) in paragraph at lines 133--135
\OT1/cmr/m/n/10.95 de los es-tu-dian-tes se
 []


Underfull \hbox (badness 1762) in paragraph at lines 133--135
\OT1/cmr/m/n/10.95 en-con-tra-ba en un es-
 []


Underfull \hbox (badness 5331) in paragraph at lines 133--135
\OT1/cmr/m/n/10.95 ade-cua-da-men-te en la
 []


Underfull \hbox (badness 10000) in paragraph at lines 136--137
[]|\OT1/cmr/m/n/10.95 Motivaci^^Son del
 []


Underfull \hbox (badness 2318) in paragraph at lines 136--137
\OT1/cmr/m/n/10.95 es-tu-dian-te y los
 []


Underfull \hbox (badness 10000) in paragraph at lines 136--137
\OT1/cmr/m/n/10.95 de apren-di-za-
 []


Underfull \hbox (badness 10000) in paragraph at lines 136--137
\OT1/cmr/m/n/10.95 je (Edu-ca-ci^^Son
 []


Underfull \hbox (badness 10000) in paragraph at lines 136--137
\OT1/cmr/m/n/10.95 a dis-tan-cia y
 []


Underfull \hbox (badness 2735) in paragraph at lines 140--141
\OT1/cmr/m/n/10.95 una ex-ce-len-te con-tex-
 []


Underfull \hbox (badness 10000) in paragraph at lines 144--145
[]|\OT1/cmr/m/n/10.95 Experiencias de
 []


Underfull \hbox (badness 10000) in paragraph at lines 144--145
\OT1/cmr/m/n/10.95 ga-mi-fi-ca-ci^^Son en
 []


Underfull \hbox (badness 3029) in paragraph at lines 149--150
\OT1/cmr/m/n/10.95 te-ma, jun-to con una
 []


Underfull \hbox (badness 10000) in paragraph at lines 153--154
[]|\OT1/cmr/m/n/10.95 Gamificaci^^Son
 []


Underfull \hbox (badness 1831) in paragraph at lines 153--154
\OT1/cmr/m/n/10.95 Co-mo Es-tra-te-gia
 []


Underfull \hbox (badness 10000) in paragraph at lines 153--154
\OT1/cmr/m/n/10.95 De Mo-ti-va-ci^^Son
 []


Underfull \hbox (badness 10000) in paragraph at lines 153--154
\OT1/cmr/m/n/10.95 En La Pla-ta-
 []


Underfull \hbox (badness 10000) in paragraph at lines 153--154
\OT1/cmr/m/n/10.95 for-ma Vir-tual
 []


Underfull \hbox (badness 10000) in paragraph at lines 153--154
\OT1/cmr/m/n/10.95 De La Edu-ca-
 []


Underfull \hbox (badness 10000) in paragraph at lines 153--154
\OT1/cmr/m/n/10.95 ci^^Son Su-pe-rior
 []


Underfull \hbox (badness 1521) in paragraph at lines 155--156
\OT1/cmr/m/n/10.95 de da-tos a trav^^Ses de en-cues-tas.
 []


Underfull \hbox (badness 1448) in paragraph at lines 157--158
\OT1/cmr/m/n/10.95 pa-ra di-ver-sos prop^^Sosi-
 []


Underfull \hbox (badness 10000) in paragraph at lines 161--162
[]|\OT1/cmr/m/n/10.95 La pla-ta-for-ma
 []


Underfull \hbox (badness 10000) in paragraph at lines 161--162
\OT1/cmr/m/n/10.95 kahoot in-flu-ye
 []


Underfull \hbox (badness 10000) in paragraph at lines 161--162
\OT1/cmr/m/n/10.95 en la mo-ti-va-
 []


Underfull \hbox (badness 4765) in paragraph at lines 161--162
\OT1/cmr/m/n/10.95 ci^^Son du-ran-te la
 []


Underfull \hbox (badness 10000) in paragraph at lines 161--162
\OT1/cmr/m/n/10.95 eva-lua-ci^^Son en
 []


Underfull \hbox (badness 10000) in paragraph at lines 161--162
\OT1/cmr/m/n/10.95 los es-tu-dian-tes
 []


Underfull \hbox (badness 1968) in paragraph at lines 161--162
\OT1/cmr/m/n/10.95 de cuar-to gra-do
 []


Underfull \hbox (badness 7415) in paragraph at lines 161--162
\OT1/cmr/m/n/10.95 de pri-ma-ria de
 []


Underfull \hbox (badness 10000) in paragraph at lines 161--162
\OT1/cmr/m/n/10.95 la ins-ti-tu-ci^^Son
 []


Underfull \hbox (badness 10000) in paragraph at lines 161--162
\OT1/cmr/m/n/10.95 edu-ca-ti-va nue-
 []


Underfull \hbox (badness 6236) in paragraph at lines 161--162
\OT1/cmr/m/n/10.95 va ju-ven-tud de
 []


Underfull \hbox (badness 2277) in paragraph at lines 163--164
\OT1/cmr/m/n/10.95 tu-dio que abor-da la pla-ta-for-ma
 []


Underfull \hbox (badness 1072) in paragraph at lines 165--166
[]|\OT1/cmr/m/n/10.95 El do-cu-men-to pro-por-
 []


Underfull \hbox (badness 4582) in paragraph at lines 165--166
\OT1/cmr/m/n/10.95 una he-rra-mien-ta am-
 []


Underfull \hbox (badness 5711) in paragraph at lines 166--168
[]|\OT1/cmr/m/n/10.95 Dado que los par-ti-
 []


Underfull \hbox (badness 10000) in paragraph at lines 166--168
\OT1/cmr/m/n/10.95 ci-pan-tes del es-tu-dio
 []


Underfull \hbox (badness 3657) in paragraph at lines 166--168
\OT1/cmr/m/n/10.95 edad, es po-si-ble que
 []


Underfull \hbox (badness 10000) in paragraph at lines 166--168
\OT1/cmr/m/n/10.95 sus opi-nio-nes est^^Sen
 []


Underfull \hbox (badness 2837) in paragraph at lines 169--170
\OT1/cmr/m/n/10.95 la edu-ca-ci^^Son, la
 []


Underfull \hbox (badness 1715) in paragraph at lines 169--170
\OT1/cmr/m/n/10.95 es-cue-la y la vi-
 []


Underfull \hbox (badness 2846) in paragraph at lines 174--176
[]|\OT1/cmr/m/n/10.95 El do-cu-men-to fun-cio-
 []


Underfull \hbox (badness 10000) in paragraph at lines 177--178
[]|\OT1/cmr/m/n/10.95 Resiliencia: Im-
 []


Underfull \hbox (badness 1009) in paragraph at lines 181--182
\OT1/cmr/m/n/10.95 to pa-ra con-tex-tua-li-zar
 []


Underfull \hbox (badness 4582) in paragraph at lines 181--182
\OT1/cmr/m/n/10.95 pac-tos en las per-so-
 []


Underfull \hbox (badness 2529) in paragraph at lines 181--182
\OT1/cmr/m/n/10.95 su im-por-tan-cia en el
 []


Underfull \hbox (badness 1742) in paragraph at lines 185--186
[]|\OT1/cmr/m/n/10.95 La So-cie-dad del
 []


Underfull \hbox (badness 1776) in paragraph at lines 189--190
\OT1/cmr/m/n/10.95 per-ci-bir el mun-do. A
 []


Underfull \hbox (badness 2050) in paragraph at lines 189--190
\OT1/cmr/m/n/10.95 trav^^Ses de su an^^Sali-sis,
 []


Underfull \hbox (badness 1210) in paragraph at lines 189--190
\OT1/cmr/m/n/10.95 to-res a cues-tio-nar las
 []


Underfull \hbox (badness 3281) in paragraph at lines 193--194
[]|\OT1/cmr/m/n/10.95 Soft Skills: The
 []


Underfull \hbox (badness 10000) in paragraph at lines 193--194
\OT1/cmr/m/n/10.95 soft-wa-re de-
 []


Underfull \hbox (badness 10000) in paragraph at lines 193--194
\OT1/cmr/m/n/10.95 ve-lo-per's li-fe
 []


Underfull \hbox (badness 3803) in paragraph at lines 197--198
[]|\OT1/cmr/m/n/10.95 El li-bro con-tie-ne in-
 []


Underfull \hbox (badness 10000) in paragraph at lines 197--198
\OT1/cmr/m/n/10.95 for-ma-ci^^Son im-por-tan-te
 []


Underfull \hbox (badness 10000) in paragraph at lines 197--198
\OT1/cmr/m/n/10.95 de mind-set, Adem^^Sas
 []


Underfull \hbox (badness 1742) in paragraph at lines 197--198
\OT1/cmr/m/n/10.95 tes ejem-plos a to-mar
 []


Underfull \hbox (badness 7133) in paragraph at lines 197--198
\OT1/cmr/m/n/10.95 en cuen-ta so-bre las
 []


Overfull \hbox (33.2128pt too wide) in alignment at lines 14--204
 [] [] [] [] 
 []

[17

]
LaTeX Info: Redefining \. on input line 204.
LaTeX Info: Redefining \% on input line 204.
 [18]
LaTeX Info: Redefining \. on input line 204.
LaTeX Info: Redefining \% on input line 204.
 [19]
LaTeX Info: Redefining \. on input line 204.
LaTeX Info: Redefining \% on input line 204.
 [20]
LaTeX Info: Redefining \. on input line 204.
LaTeX Info: Redefining \% on input line 204.
 [21]
LaTeX Info: Redefining \. on input line 204.
LaTeX Info: Redefining \% on input line 204.
 [22]
LaTeX Info: Redefining \. on input line 204.
LaTeX Info: Redefining \% on input line 204.
 [23]
LaTeX Info: Redefining \. on input line 204.
LaTeX Info: Redefining \% on input line 204.
 [24]
LaTeX Info: Redefining \. on input line 204.
LaTeX Info: Redefining \% on input line 204.
 [25]
LaTeX Info: Redefining \. on input line 204.
LaTeX Info: Redefining \% on input line 204.
 [26]
Underfull \hbox (badness 10000) in paragraph at lines 207--234

 []


Underfull \hbox (badness 10000) in paragraph at lines 207--234

 []


Underfull \hbox (badness 10000) in paragraph at lines 207--234

 []


Underfull \hbox (badness 10000) in paragraph at lines 207--234

 []


Underfull \hbox (badness 10000) in paragraph at lines 207--234

 []


Underfull \hbox (badness 10000) in paragraph at lines 207--234

 []


Underfull \hbox (badness 10000) in paragraph at lines 207--234

 []



LaTeX Info: Redefining \. on input line 234.
LaTeX Info: Redefining \% on input line 234.
[27]
Overfull \hbox (20.8128pt too wide) in alignment at lines 236--240
 [] [] [] 
 []


Overfull \hbox (20.8128pt too wide) in alignment at lines 240--244
 [] [] [] 
 []


Overfull \hbox (20.8128pt too wide) in alignment at lines 244--246
 [] [] [] 
 []


Underfull \hbox (badness 2753) in paragraph at lines 304--305
[]|\OT1/cmr/m/n/10.95 Flexibilidad cog-
 []


Overfull \hbox (20.8128pt too wide) in alignment at lines 246--341
 [] [] [] 
 []

LaTeX Info: Redefining \. on input line 341.
LaTeX Info: Redefining \% on input line 341.
[28]
Overfull \hbox (20.8128pt too wide) in alignment at lines 344--348
 [] [] [] 
 []


Overfull \hbox (20.8128pt too wide) in alignment at lines 348--352
 [] [] [] 
 []


Overfull \hbox (20.8128pt too wide) in alignment at lines 352--354
 [] [] [] 
 []


Underfull \hbox (badness 10000) in paragraph at lines 377--378
[]|\OT1/cmr/m/n/10.95 Resoluci^^Son de
 []


Underfull \hbox (badness 10000) in paragraph at lines 386--386
[]|\OT1/cmr/m/n/10.95 Pensamiento
 []


Underfull \hbox (badness 10000) in paragraph at lines 396--396
[]|\OT1/cmr/m/n/10.95 Pensamiento
 []


Underfull \hbox (badness 3439) in paragraph at lines 404--404
[]|\OT1/cmr/m/n/10.95 Pensamiento sis-
 []


Overfull \hbox (20.8128pt too wide) in alignment at lines 354--420
 [] [] [] 
 []

LaTeX Info: Redefining \. on input line 420.
LaTeX Info: Redefining \% on input line 420.
[29]
Overfull \hbox (20.8128pt too wide) in alignment at lines 423--427
 [] [] [] 
 []


Overfull \hbox (20.8128pt too wide) in alignment at lines 427--431
 [] [] [] 
 []


Overfull \hbox (20.8128pt too wide) in alignment at lines 431--433
 [] [] [] 
 []


Underfull \hbox (badness 10000) in paragraph at lines 462--463
[]|\OT1/cmr/m/n/10.95 Experimentaci^^Son,
 []


Underfull \hbox (badness 3078) in paragraph at lines 462--463
\OT1/cmr/m/n/10.95 Re-fle-xi^^Son y Re-
 []


Overfull \hbox (20.8128pt too wide) in alignment at lines 433--473
 [] [] [] 
 []

)

LaTeX Info: Redefining \. on input line 93.
LaTeX Info: Redefining \% on input line 93.
[30]
Cap\'{\i }tulo 7.
(14_desarrollo.tex
<Imagenes/Fitness1.png, id=758, 426.84468pt x 180.675pt>
File: Imagenes/Fitness1.png Graphic file (type png)
<use Imagenes/Fitness1.png>
Package pdftex.def Info: Imagenes/Fitness1.png  used on input line 11.
(pdftex.def)             Requested size: 300.29344pt x 127.11673pt.


[31

]
<Imagenes/Fitness2.png, id=766, 405.01312pt x 29.35968pt>
File: Imagenes/Fitness2.png Graphic file (type png)
<use Imagenes/Fitness2.png>
Package pdftex.def Info: Imagenes/Fitness2.png  used on input line 21.
(pdftex.def)             Requested size: 300.29344pt x 21.76881pt.
<Imagenes/tutorial-muñeca.png, id=767, 412.54124pt x 414.04688pt>
File: Imagenes/tutorial-muñeca.png Graphic file (type png)
<use Imagenes/tutorial-muñeca.png>
Package pdftex.def Info: Imagenes/tutorial-muñeca.png  used on input line 29.
(pdftex.def)             Requested size: 250.24199pt x 251.15933pt.
<Imagenes/Fitness3.png, id=768, 487.8225pt x 363.60844pt>
File: Imagenes/Fitness3.png Graphic file (type png)
<use Imagenes/Fitness3.png>
Package pdftex.def Info: Imagenes/Fitness3.png  used on input line 42.
(pdftex.def)             Requested size: 300.29344pt x 223.83147pt.


LaTeX Info: Redefining \. on input line 45.
LaTeX Info: Redefining \% on input line 45.
[32 <./Imagenes/Fitness1.png> <./Imagenes/Fitness2.png> <./Imagenes/tutorial-muñeca.png>]
<Imagenes/Fitness4.png, id=776, 63.98906pt x 73.02281pt>
File: Imagenes/Fitness4.png Graphic file (type png)
<use Imagenes/Fitness4.png>
Package pdftex.def Info: Imagenes/Fitness4.png  used on input line 53.
(pdftex.def)             Requested size: 50.05145pt x 57.118pt.
<Imagenes/Fitness5.png, id=777, 103.88812pt x 31.61812pt>
File: Imagenes/Fitness5.png Graphic file (type png)
<use Imagenes/Fitness5.png>
Package pdftex.def Info: Imagenes/Fitness5.png  used on input line 60.
(pdftex.def)             Requested size: 100.09526pt x 30.46495pt.


LaTeX Info: Redefining \. on input line 64.
LaTeX Info: Redefining \% on input line 64.
[33 <./Imagenes/Fitness3.png> <./Imagenes/Fitness4.png>]
<Imagenes/tuto-espalda.png, id=785, 1031.855pt x 1031.855pt>
File: Imagenes/tuto-espalda.png Graphic file (type png)
<use Imagenes/tuto-espalda.png>
Package pdftex.def Info: Imagenes/tuto-espalda.png  used on input line 68.
(pdftex.def)             Requested size: 250.24199pt x 250.2324pt.
<Imagenes/Nivel1.png, id=786, 958.3303pt x 538.26094pt>
File: Imagenes/Nivel1.png Graphic file (type png)
<use Imagenes/Nivel1.png>
Package pdftex.def Info: Imagenes/Nivel1.png  used on input line 80.
(pdftex.def)             Requested size: 350.33727pt x 196.7716pt.


LaTeX Info: Redefining \. on input line 84.
LaTeX Info: Redefining \% on input line 84.
[34 <./Imagenes/Fitness5.png> <./Imagenes/tuto-espalda.png>]
<Imagenes/Nivel2.png, id=793, 957.5775pt x 537.50812pt>
File: Imagenes/Nivel2.png Graphic file (type png)
<use Imagenes/Nivel2.png>
Package pdftex.def Info: Imagenes/Nivel2.png  used on input line 92.
(pdftex.def)             Requested size: 350.33727pt x 196.65222pt.
<Imagenes/Nivel3.png, id=794, 960.58875pt x 539.01375pt>
File: Imagenes/Nivel3.png Graphic file (type png)
<use Imagenes/Nivel3.png>
Package pdftex.def Info: Imagenes/Nivel3.png  used on input line 102.
(pdftex.def)             Requested size: 350.33727pt x 196.58621pt.


LaTeX Info: Redefining \. on input line 106.
LaTeX Info: Redefining \% on input line 106.
[35 <./Imagenes/Nivel1.png> <./Imagenes/Nivel2.png>]
<Imagenes/Nivel4.png, id=803, 962.09438pt x 539.01375pt>
File: Imagenes/Nivel4.png Graphic file (type png)
<use Imagenes/Nivel4.png>
Package pdftex.def Info: Imagenes/Nivel4.png  used on input line 111.
(pdftex.def)             Requested size: 350.33727pt x 196.2819pt.


LaTeX Info: Redefining \. on input line 118.
LaTeX Info: Redefining \% on input line 118.
[36 <./Imagenes/Nivel3.png> <./Imagenes/Nivel4.png>]
<Imagenes/Nivel5.png, id=812, 955.31906pt x 539.76656pt>
File: Imagenes/Nivel5.png Graphic file (type png)
<use Imagenes/Nivel5.png>
Package pdftex.def Info: Imagenes/Nivel5.png  used on input line 121.
(pdftex.def)             Requested size: 350.33727pt x 197.93973pt.
)

LaTeX Info: Redefining \. on input line 97.
LaTeX Info: Redefining \% on input line 97.
[37 <./Imagenes/Nivel5.png>]
Cap\'{\i }tulo 8.
(15_pruebas.tex
<Imagenes/Imagen11.png, id=819, 874.01532pt x 263.48438pt>
File: Imagenes/Imagen11.png Graphic file (type png)
<use Imagenes/Imagen11.png>
Package pdftex.def Info: Imagenes/Imagen11.png  used on input line 11.
(pdftex.def)             Requested size: 500.484pt x 150.87917pt.

Underfull \hbox (badness 1205) in paragraph at lines 12--12
[]\OT1/cmr/m/n/10.95 Figura 8.1: |Ima-gen de re-fe-ren-cia so-bre ins-truc-cio-nes de ga-mi-fi-ca-ci^^Son pa-ra los m^^Sodu-los con-jun-
 []

<Imagenes/Imagen12.png, id=820, 1008.01593pt x 168.63pt>
File: Imagenes/Imagen12.png Graphic file (type png)
<use Imagenes/Imagen12.png>
Package pdftex.def Info: Imagenes/Imagen12.png  used on input line 17.
(pdftex.def)             Requested size: 500.484pt x 83.72554pt.


[38

 <./Imagenes/Imagen11.png>]
Underfull \hbox (badness 10000) in paragraph at lines 27--33

 []


Underfull \hbox (badness 10000) in paragraph at lines 27--33

 []


Underfull \hbox (badness 10000) in paragraph at lines 36--51

 []


Underfull \hbox (badness 10000) in paragraph at lines 36--51

 []


Underfull \hbox (badness 10000) in paragraph at lines 36--51

 []



LaTeX Info: Redefining \. on input line 51.
LaTeX Info: Redefining \% on input line 51.
[39 <./Imagenes/Imagen12.png>])
Underfull \hbox (badness 10000) in paragraph at lines 53--99

 []


Underfull \hbox (badness 10000) in paragraph at lines 53--99

 []


Underfull \hbox (badness 10000) in paragraph at lines 53--99

 []



LaTeX Info: Redefining \. on input line 102.
LaTeX Info: Redefining \% on input line 102.
[40]
Cap\'{\i }tulo 9.
(16_resultados.tex
<Imagenes/fc1.png, id=839, 2204.235pt x 1047.915pt>
File: Imagenes/fc1.png Graphic file (type png)
<use Imagenes/fc1.png>
Package pdftex.def Info: Imagenes/fc1.png  used on input line 9.
(pdftex.def)             Requested size: 350.33727pt x 166.55052pt.
<Imagenes/fc2.png, id=840, 2204.235pt x 1047.915pt>
File: Imagenes/fc2.png Graphic file (type png)
<use Imagenes/fc2.png>
Package pdftex.def Info: Imagenes/fc2.png  used on input line 20.
(pdftex.def)             Requested size: 350.33727pt x 166.55052pt.


[41

 <./Imagenes/fc1.png>]
<Imagenes/fc3.png, id=846, 2204.235pt x 1047.915pt>
File: Imagenes/fc3.png Graphic file (type png)
<use Imagenes/fc3.png>
Package pdftex.def Info: Imagenes/fc3.png  used on input line 28.
(pdftex.def)             Requested size: 350.33727pt x 166.55052pt.
<Imagenes/fc4.png, id=847, 2204.235pt x 1047.915pt>
File: Imagenes/fc4.png Graphic file (type png)
<use Imagenes/fc4.png>
Package pdftex.def Info: Imagenes/fc4.png  used on input line 38.
(pdftex.def)             Requested size: 350.33727pt x 166.55052pt.


LaTeX Info: Redefining \. on input line 42.
LaTeX Info: Redefining \% on input line 42.
[42 <./Imagenes/fc2.png> <./Imagenes/fc3.png>]
<Imagenes/fc5.png, id=854, 2204.235pt x 1047.915pt>
File: Imagenes/fc5.png Graphic file (type png)
<use Imagenes/fc5.png>
Package pdftex.def Info: Imagenes/fc5.png  used on input line 47.
(pdftex.def)             Requested size: 350.33727pt x 166.55052pt.
<Imagenes/fc6.png, id=855, 2204.235pt x 1047.915pt>
File: Imagenes/fc6.png Graphic file (type png)
<use Imagenes/fc6.png>
Package pdftex.def Info: Imagenes/fc6.png  used on input line 57.
(pdftex.def)             Requested size: 350.33727pt x 166.55052pt.


LaTeX Info: Redefining \. on input line 61.
LaTeX Info: Redefining \% on input line 61.
[43 <./Imagenes/fc4.png> <./Imagenes/fc5.png>]
<Imagenes/fc7.png, id=863, 2204.235pt x 1047.915pt>
File: Imagenes/fc7.png Graphic file (type png)
<use Imagenes/fc7.png>
Package pdftex.def Info: Imagenes/fc7.png  used on input line 66.
(pdftex.def)             Requested size: 350.33727pt x 166.55052pt.
<Imagenes/fc8.png, id=864, 2204.235pt x 1047.915pt>
File: Imagenes/fc8.png Graphic file (type png)
<use Imagenes/fc8.png>
Package pdftex.def Info: Imagenes/fc8.png  used on input line 76.
(pdftex.def)             Requested size: 350.33727pt x 166.55052pt.


LaTeX Info: Redefining \. on input line 80.
LaTeX Info: Redefining \% on input line 80.
[44 <./Imagenes/fc6.png> <./Imagenes/fc7.png>]
<Imagenes/fc9.png, id=871, 2204.235pt x 1047.915pt>
File: Imagenes/fc9.png Graphic file (type png)
<use Imagenes/fc9.png>
Package pdftex.def Info: Imagenes/fc9.png  used on input line 85.
(pdftex.def)             Requested size: 350.33727pt x 166.55052pt.
<Imagenes/fc10.png, id=872, 2204.235pt x 1047.915pt>
File: Imagenes/fc10.png Graphic file (type png)
<use Imagenes/fc10.png>
Package pdftex.def Info: Imagenes/fc10.png  used on input line 95.
(pdftex.def)             Requested size: 350.33727pt x 166.55052pt.


LaTeX Info: Redefining \. on input line 99.
LaTeX Info: Redefining \% on input line 99.
[45 <./Imagenes/fc8.png> <./Imagenes/fc9.png>]
<Imagenes/fc11.png, id=879, 2204.235pt x 1047.915pt>
File: Imagenes/fc11.png Graphic file (type png)
<use Imagenes/fc11.png>
Package pdftex.def Info: Imagenes/fc11.png  used on input line 105.
(pdftex.def)             Requested size: 350.33727pt x 166.55052pt.
<Imagenes/fd1.png, id=880, 2204.235pt x 1047.915pt>
File: Imagenes/fd1.png Graphic file (type png)
<use Imagenes/fd1.png>
Package pdftex.def Info: Imagenes/fd1.png  used on input line 117.
(pdftex.def)             Requested size: 350.33727pt x 166.55052pt.


LaTeX Info: Redefining \. on input line 121.
LaTeX Info: Redefining \% on input line 121.
[46 <./Imagenes/fc10.png> <./Imagenes/fc11.png>]
<Imagenes/fd2.png, id=887, 2204.235pt x 1047.915pt>
File: Imagenes/fd2.png Graphic file (type png)
<use Imagenes/fd2.png>
Package pdftex.def Info: Imagenes/fd2.png  used on input line 127.
(pdftex.def)             Requested size: 350.33727pt x 166.55052pt.
<Imagenes/fd3.png, id=888, 2204.235pt x 1047.915pt>
File: Imagenes/fd3.png Graphic file (type png)
<use Imagenes/fd3.png>
Package pdftex.def Info: Imagenes/fd3.png  used on input line 136.
(pdftex.def)             Requested size: 350.33727pt x 166.55052pt.


LaTeX Info: Redefining \. on input line 140.
LaTeX Info: Redefining \% on input line 140.
[47 <./Imagenes/fd1.png> <./Imagenes/fd2.png>]
<Imagenes/fd4.png, id=895, 2204.235pt x 1047.915pt>
File: Imagenes/fd4.png Graphic file (type png)
<use Imagenes/fd4.png>
Package pdftex.def Info: Imagenes/fd4.png  used on input line 146.
(pdftex.def)             Requested size: 350.33727pt x 166.55052pt.
<Imagenes/fd5.png, id=896, 2204.235pt x 1047.915pt>
File: Imagenes/fd5.png Graphic file (type png)
<use Imagenes/fd5.png>
Package pdftex.def Info: Imagenes/fd5.png  used on input line 155.
(pdftex.def)             Requested size: 350.33727pt x 166.55052pt.


LaTeX Info: Redefining \. on input line 159.
LaTeX Info: Redefining \% on input line 159.
[48 <./Imagenes/fd3.png> <./Imagenes/fd4.png>]
<Imagenes/fd6.png, id=903, 2204.235pt x 1047.915pt>
File: Imagenes/fd6.png Graphic file (type png)
<use Imagenes/fd6.png>
Package pdftex.def Info: Imagenes/fd6.png  used on input line 165.
(pdftex.def)             Requested size: 350.33727pt x 166.55052pt.
<Imagenes/fd7.png, id=904, 2204.235pt x 1047.915pt>
File: Imagenes/fd7.png Graphic file (type png)
<use Imagenes/fd7.png>
Package pdftex.def Info: Imagenes/fd7.png  used on input line 174.
(pdftex.def)             Requested size: 350.33727pt x 166.55052pt.


LaTeX Info: Redefining \. on input line 178.
LaTeX Info: Redefining \% on input line 178.
[49 <./Imagenes/fd5.png> <./Imagenes/fd6.png>]
<Imagenes/fd8.png, id=912, 2204.235pt x 1047.915pt>
File: Imagenes/fd8.png Graphic file (type png)
<use Imagenes/fd8.png>
Package pdftex.def Info: Imagenes/fd8.png  used on input line 184.
(pdftex.def)             Requested size: 350.33727pt x 166.55052pt.
<Imagenes/fd9.png, id=913, 2204.235pt x 1047.915pt>
File: Imagenes/fd9.png Graphic file (type png)
<use Imagenes/fd9.png>
Package pdftex.def Info: Imagenes/fd9.png  used on input line 193.
(pdftex.def)             Requested size: 350.33727pt x 166.55052pt.


LaTeX Info: Redefining \. on input line 197.
LaTeX Info: Redefining \% on input line 197.
[50 <./Imagenes/fd7.png> <./Imagenes/fd8.png>]
<Imagenes/fd10.png, id=920, 2204.235pt x 1047.915pt>
File: Imagenes/fd10.png Graphic file (type png)
<use Imagenes/fd10.png>
Package pdftex.def Info: Imagenes/fd10.png  used on input line 203.
(pdftex.def)             Requested size: 350.33727pt x 166.55052pt.
<Imagenes/fd11.png, id=921, 2204.235pt x 1120.185pt>
File: Imagenes/fd11.png Graphic file (type png)
<use Imagenes/fd11.png>
Package pdftex.def Info: Imagenes/fd11.png  used on input line 212.
(pdftex.def)             Requested size: 350.33727pt x 178.03677pt.


LaTeX Info: Redefining \. on input line 216.
LaTeX Info: Redefining \% on input line 216.
[51 <./Imagenes/fd9.png> <./Imagenes/fd10.png>]
<Imagenes/fd12.png, id=928, 2204.235pt x 1047.915pt>
File: Imagenes/fd12.png Graphic file (type png)
<use Imagenes/fd12.png>
Package pdftex.def Info: Imagenes/fd12.png  used on input line 222.
(pdftex.def)             Requested size: 350.33727pt x 166.55052pt.
<Imagenes/mc1.png, id=929, 2204.235pt x 1047.915pt>
File: Imagenes/mc1.png Graphic file (type png)
<use Imagenes/mc1.png>
Package pdftex.def Info: Imagenes/mc1.png  used on input line 236.
(pdftex.def)             Requested size: 350.33727pt x 166.55052pt.


LaTeX Info: Redefining \. on input line 240.
LaTeX Info: Redefining \% on input line 240.
[52 <./Imagenes/fd11.png> <./Imagenes/fd12.png>]
<Imagenes/mc2.png, id=936, 2204.235pt x 1047.915pt>
File: Imagenes/mc2.png Graphic file (type png)
<use Imagenes/mc2.png>
Package pdftex.def Info: Imagenes/mc2.png  used on input line 247.
(pdftex.def)             Requested size: 350.33727pt x 166.55052pt.
<Imagenes/mc3.png, id=937, 2204.235pt x 1047.915pt>
File: Imagenes/mc3.png Graphic file (type png)
<use Imagenes/mc3.png>
Package pdftex.def Info: Imagenes/mc3.png  used on input line 256.
(pdftex.def)             Requested size: 350.33727pt x 166.55052pt.


LaTeX Info: Redefining \. on input line 260.
LaTeX Info: Redefining \% on input line 260.
[53 <./Imagenes/mc1.png> <./Imagenes/mc2.png>]
<Imagenes/mc4.png, id=944, 2204.235pt x 1047.915pt>
File: Imagenes/mc4.png Graphic file (type png)
<use Imagenes/mc4.png>
Package pdftex.def Info: Imagenes/mc4.png  used on input line 267.
(pdftex.def)             Requested size: 350.33727pt x 166.55052pt.
<Imagenes/mc5.png, id=945, 2204.235pt x 1047.915pt>
File: Imagenes/mc5.png Graphic file (type png)
<use Imagenes/mc5.png>
Package pdftex.def Info: Imagenes/mc5.png  used on input line 276.
(pdftex.def)             Requested size: 350.33727pt x 166.55052pt.


LaTeX Info: Redefining \. on input line 280.
LaTeX Info: Redefining \% on input line 280.
[54 <./Imagenes/mc3.png> <./Imagenes/mc4.png>]
<Imagenes/mc6.png, id=952, 2204.235pt x 1047.915pt>
File: Imagenes/mc6.png Graphic file (type png)
<use Imagenes/mc6.png>
Package pdftex.def Info: Imagenes/mc6.png  used on input line 287.
(pdftex.def)             Requested size: 350.33727pt x 166.55052pt.
<Imagenes/mc7.png, id=953, 2204.235pt x 1047.915pt>
File: Imagenes/mc7.png Graphic file (type png)
<use Imagenes/mc7.png>
Package pdftex.def Info: Imagenes/mc7.png  used on input line 296.
(pdftex.def)             Requested size: 350.33727pt x 166.55052pt.


LaTeX Info: Redefining \. on input line 300.
LaTeX Info: Redefining \% on input line 300.
[55 <./Imagenes/mc5.png> <./Imagenes/mc6.png>]
<Imagenes/mc8.png, id=961, 2204.235pt x 1047.915pt>
File: Imagenes/mc8.png Graphic file (type png)
<use Imagenes/mc8.png>
Package pdftex.def Info: Imagenes/mc8.png  used on input line 307.
(pdftex.def)             Requested size: 350.33727pt x 166.55052pt.
<Imagenes/mc9.png, id=962, 2204.235pt x 1047.915pt>
File: Imagenes/mc9.png Graphic file (type png)
<use Imagenes/mc9.png>
Package pdftex.def Info: Imagenes/mc9.png  used on input line 318.
(pdftex.def)             Requested size: 350.33727pt x 166.55052pt.


LaTeX Info: Redefining \. on input line 322.
LaTeX Info: Redefining \% on input line 322.
[56 <./Imagenes/mc7.png> <./Imagenes/mc8.png>]
<Imagenes/mc10.png, id=969, 2204.235pt x 1047.915pt>
File: Imagenes/mc10.png Graphic file (type png)
<use Imagenes/mc10.png>
Package pdftex.def Info: Imagenes/mc10.png  used on input line 329.
(pdftex.def)             Requested size: 350.33727pt x 166.55052pt.
<Imagenes/mc11.png, id=970, 2204.235pt x 1047.915pt>
File: Imagenes/mc11.png Graphic file (type png)
<use Imagenes/mc11.png>
Package pdftex.def Info: Imagenes/mc11.png  used on input line 338.
(pdftex.def)             Requested size: 350.33727pt x 166.55052pt.


LaTeX Info: Redefining \. on input line 342.
LaTeX Info: Redefining \% on input line 342.
[57 <./Imagenes/mc9.png> <./Imagenes/mc10.png>]
<Imagenes/Nc1.png, id=977, 2204.235pt x 1120.185pt>
File: Imagenes/Nc1.png Graphic file (type png)
<use Imagenes/Nc1.png>
Package pdftex.def Info: Imagenes/Nc1.png  used on input line 349.
(pdftex.def)             Requested size: 350.33727pt x 178.03677pt.


LaTeX Info: Redefining \. on input line 356.
LaTeX Info: Redefining \% on input line 356.
[58 <./Imagenes/mc11.png> <./Imagenes/Nc1.png>]
<Imagenes/Nc2.png, id=984, 2204.235pt x 1120.185pt>
File: Imagenes/Nc2.png Graphic file (type png)
<use Imagenes/Nc2.png>
Package pdftex.def Info: Imagenes/Nc2.png  used on input line 359.
(pdftex.def)             Requested size: 350.33727pt x 178.03677pt.
<Imagenes/Nc3.png, id=985, 2204.235pt x 1120.185pt>
File: Imagenes/Nc3.png Graphic file (type png)
<use Imagenes/Nc3.png>
Package pdftex.def Info: Imagenes/Nc3.png  used on input line 369.
(pdftex.def)             Requested size: 350.33727pt x 178.03677pt.


LaTeX Info: Redefining \. on input line 374.
LaTeX Info: Redefining \% on input line 374.
[59 <./Imagenes/Nc2.png>]
<Imagenes/Nc4.png, id=991, 2204.235pt x 1120.185pt>
File: Imagenes/Nc4.png Graphic file (type png)
<use Imagenes/Nc4.png>
Package pdftex.def Info: Imagenes/Nc4.png  used on input line 379.
(pdftex.def)             Requested size: 350.33727pt x 178.03677pt.


LaTeX Info: Redefining \. on input line 386.
LaTeX Info: Redefining \% on input line 386.
[60 <./Imagenes/Nc3.png> <./Imagenes/Nc4.png>]
<Imagenes/Nc5.png, id=998, 2204.235pt x 1120.185pt>
File: Imagenes/Nc5.png Graphic file (type png)
<use Imagenes/Nc5.png>
Package pdftex.def Info: Imagenes/Nc5.png  used on input line 389.
(pdftex.def)             Requested size: 350.33727pt x 178.03677pt.
<Imagenes/Nc6.png, id=999, 2204.235pt x 1120.185pt>
File: Imagenes/Nc6.png Graphic file (type png)
<use Imagenes/Nc6.png>
Package pdftex.def Info: Imagenes/Nc6.png  used on input line 399.
(pdftex.def)             Requested size: 350.33727pt x 178.03677pt.


LaTeX Info: Redefining \. on input line 404.
LaTeX Info: Redefining \% on input line 404.
[61 <./Imagenes/Nc5.png>]
<Imagenes/Nc7.png, id=1006, 2204.235pt x 1120.185pt>
File: Imagenes/Nc7.png Graphic file (type png)
<use Imagenes/Nc7.png>
Package pdftex.def Info: Imagenes/Nc7.png  used on input line 409.
(pdftex.def)             Requested size: 350.33727pt x 178.03677pt.


LaTeX Info: Redefining \. on input line 416.
LaTeX Info: Redefining \% on input line 416.
[62 <./Imagenes/Nc6.png> <./Imagenes/Nc7.png>]
<Imagenes/Nc8.png, id=1013, 2204.235pt x 1120.185pt>
File: Imagenes/Nc8.png Graphic file (type png)
<use Imagenes/Nc8.png>
Package pdftex.def Info: Imagenes/Nc8.png  used on input line 419.
(pdftex.def)             Requested size: 350.33727pt x 178.03677pt.
)

LaTeX Info: Redefining \. on input line 105.
LaTeX Info: Redefining \% on input line 105.
[63 <./Imagenes/Nc8.png>]
Cap\'{\i }tulo 10.
(17_conclusiones.tex
Underfull \hbox (badness 10000) in paragraph at lines 3--12

 []


Underfull \hbox (badness 10000) in paragraph at lines 3--12

 []


Underfull \hbox (badness 10000) in paragraph at lines 3--12

 []


Underfull \hbox (badness 10000) in paragraph at lines 3--12

 []



[64

])

LaTeX Info: Redefining \. on input line 109.
LaTeX Info: Redefining \% on input line 109.
[65]
LaTeX Font Info:    Trying to load font information for U+lasy on input line 109.
 (D:\Miketx\tex/latex/base\ulasy.fd
File: ulasy.fd 1998/08/17 v2.2e LaTeX symbol font definitions
)

[66

]
Overfull \hbox (13.73651pt too wide) in paragraph at lines 110--110
[]\OT1/cmr/m/n/10.95 F.Araya-Quintanilla, N.Polanco-Cornejo, A.Cassis-Mahaluf, V.Ram^^S^^Prez-Smith y H.Guti^^Serrez-Espinoza.
 []



LaTeX Info: Redefining \. on input line 109.
LaTeX Info: Redefining \% on input line 109.
[67]

LaTeX Info: Redefining \. on input line 112.
LaTeX Info: Redefining \% on input line 112.
[68]
Cap\'{\i }tulo 11.
(18_anexos.tex

Package hyperref Warning: Difference (2) between bookmark levels is greater 
(hyperref)                than one, level fixed on input line 3.

<Imagenes/Imagen4.png, id=1074, 865.73438pt x 222.07968pt>
File: Imagenes/Imagen4.png Graphic file (type png)
<use Imagenes/Imagen4.png>
Package pdftex.def Info: Imagenes/Imagen4.png  used on input line 7.
(pdftex.def)             Requested size: 500.484pt x 128.38611pt.
<Imagenes/Imagen5.png, id=1075, 1016.29688pt x 175.40532pt>
File: Imagenes/Imagen5.png Graphic file (type png)
<use Imagenes/Imagen5.png>
Package pdftex.def Info: Imagenes/Imagen5.png  used on input line 14.
(pdftex.def)             Requested size: 500.484pt x 86.38025pt.
<Imagenes/Imagen7.png, id=1076, 872.50969pt x 273.27094pt>
File: Imagenes/Imagen7.png Graphic file (type png)
<use Imagenes/Imagen7.png>
Package pdftex.def Info: Imagenes/Imagen7.png  used on input line 22.
(pdftex.def)             Requested size: 500.484pt x 156.7501pt.


[69

 <./Imagenes/Imagen4.png> <./Imagenes/Imagen5.png>]
<Imagenes/Imagen8.png, id=1083, 1011.02719pt x 141.52875pt>
File: Imagenes/Imagen8.png Graphic file (type png)
<use Imagenes/Imagen8.png>
Package pdftex.def Info: Imagenes/Imagen8.png  used on input line 29.
(pdftex.def)             Requested size: 500.484pt x 70.06018pt.
<Imagenes/Imagen9.png, id=1084, 871.00406pt x 266.49562pt>
File: Imagenes/Imagen9.png Graphic file (type png)
<use Imagenes/Imagen9.png>
Package pdftex.def Info: Imagenes/Imagen9.png  used on input line 36.
(pdftex.def)             Requested size: 500.484pt x 153.12805pt.
<Imagenes/Imagen10.png, id=1085, 1007.26312pt x 186.6975pt>
File: Imagenes/Imagen10.png Graphic file (type png)
<use Imagenes/Imagen10.png>
Package pdftex.def Info: Imagenes/Imagen10.png  used on input line 43.
(pdftex.def)             Requested size: 500.484pt x 92.76451pt.
)

LaTeX Info: Redefining \. on input line 114.
LaTeX Info: Redefining \% on input line 114.
[70 <./Imagenes/Imagen7.png> <./Imagenes/Imagen8.png> <./Imagenes/Imagen9.png>]

LaTeX Info: Redefining \. on input line 115.
LaTeX Info: Redefining \% on input line 115.
[71 <./Imagenes/Imagen10.png>] (00_anteproyecto.aux (01_portada.aux) (02_contraportada.aux)
LaTeX Info: Redefining \sptext on input line 14.
LaTeX Info: Redefining \. on input line 14.
LaTeX Info: Redefining \% on input line 14.
)
 ***********
LaTeX2e <2024-11-01>
L3 programming layer <2024-11-02>
 ***********


LaTeX Warning: There were multiply-defined labels.

Package rerunfilecheck Info: File `00_anteproyecto.out' has not changed.
(rerunfilecheck)             Checksum: 8EC04AFE295EF5EB2F847BC4CE3B1FF4;8645.
Package logreq Info: Writing requests to '00_anteproyecto.run.xml'.
\openout1 = `00_anteproyecto.run.xml'.

 ) 
Here is how much of TeX's memory you used:
 21370 strings out of 473682
 380092 string characters out of 5735770
 1348650 words of memory out of 5000000
 43923 multiletter control sequences out of 15000+600000
 565151 words of font info for 60 fonts, out of 8000000 for 9000
 1141 hyphenation exceptions out of 8191
 75i,13n,81p,1253b,2778s stack positions out of 10000i,1000n,20000p,200000b,200000s
 <C:\Users\juanc\AppData\Local\MiKTeX\fonts/pk/ljfour/jknappen/ec/dpi600\tcrm1095.pk><D:/Miketx/fonts/type1/public/amsfonts/cm/cmbx10.pfb><D:/Miketx/fonts/type1/public/amsfonts/cm/cmbx12.pfb><D:/Miketx/fonts/type1/public/amsfonts/cm/cmr10.pfb><D:/Miketx/fonts/type1/public/amsfonts/cm/cmr12.pfb><D:/Miketx/fonts/type1/public/amsfonts/cm/cmr17.pfb><D:/Miketx/fonts/type1/public/amsfonts/cm/cmr6.pfb><D:/Miketx/fonts/type1/public/amsfonts/cm/cmr8.pfb><D:/Miketx/fonts/type1/public/amsfonts/cm/cmsl10.pfb><D:/Miketx/fonts/type1/public/amsfonts/cm/cmti10.pfb><D:/Miketx/fonts/type1/public/amsfonts/cm/cmtt10.pfb><D:/Miketx/fonts/type1/public/amsfonts/latxfont/lasy10.pfb>
Output written on 00_anteproyecto.pdf (83 pages, 6615959 bytes).
PDF statistics:
 1209 PDF objects out of 1440 (max. 8388607)
 257 named destinations out of 1000 (max. 500000)
 686 words of extra memory for PDF output out of 10000 (max. 10000000)

